{"D:\\Projects\\learn-node-js\\src\\app.js":{"path":"D:\\Projects\\learn-node-js\\src\\app.js","statementMap":{"0":{"start":{"line":3,"column":29},"end":{"line":3,"column":84}},"1":{"start":{"line":5,"column":0},"end":{"line":7,"column":3}},"2":{"start":{"line":8,"column":0},"end":{"line":8,"column":28}},"3":{"start":{"line":10,"column":15},"end":{"line":10,"column":57}},"4":{"start":{"line":12,"column":16},"end":{"line":12,"column":59}},"5":{"start":{"line":14,"column":13},"end":{"line":14,"column":65}},"6":{"start":{"line":16,"column":14},"end":{"line":16,"column":55}},"7":{"start":{"line":18,"column":12},"end":{"line":18,"column":51}},"8":{"start":{"line":20,"column":24},"end":{"line":20,"column":77}},"9":{"start":{"line":22,"column":15},"end":{"line":22,"column":65}},"10":{"start":{"line":24,"column":0},"end":{"line":24,"column":25}},"11":{"start":{"line":26,"column":10},"end":{"line":26,"column":36}},"12":{"start":{"line":27,"column":11},"end":{"line":27,"column":35}},"13":{"start":{"line":28,"column":11},"end":{"line":28,"column":48}},"14":{"start":{"line":30,"column":0},"end":{"line":71,"column":1}},"15":{"start":{"line":31,"column":2},"end":{"line":49,"column":3}},"16":{"start":{"line":32,"column":4},"end":{"line":36,"column":7}},"17":{"start":{"line":35,"column":6},"end":{"line":35,"column":38}},"18":{"start":{"line":37,"column":9},"end":{"line":49,"column":3}},"19":{"start":{"line":38,"column":4},"end":{"line":42,"column":7}},"20":{"start":{"line":41,"column":6},"end":{"line":41,"column":39}},"21":{"start":{"line":43,"column":9},"end":{"line":49,"column":3}},"22":{"start":{"line":44,"column":4},"end":{"line":48,"column":7}},"23":{"start":{"line":47,"column":6},"end":{"line":47,"column":39}},"24":{"start":{"line":51,"column":2},"end":{"line":51,"column":38}},"25":{"start":{"line":52,"column":2},"end":{"line":52,"column":42}},"26":{"start":{"line":53,"column":2},"end":{"line":53,"column":35}},"27":{"start":{"line":54,"column":2},"end":{"line":58,"column":5}},"28":{"start":{"line":55,"column":4},"end":{"line":57,"column":7}},"29":{"start":{"line":59,"column":2},"end":{"line":59,"column":41}},"30":{"start":{"line":60,"column":2},"end":{"line":60,"column":116}},"31":{"start":{"line":61,"column":2},"end":{"line":65,"column":5}},"32":{"start":{"line":62,"column":4},"end":{"line":64,"column":7}},"33":{"start":{"line":66,"column":2},"end":{"line":68,"column":5}},"34":{"start":{"line":67,"column":4},"end":{"line":67,"column":63}},"35":{"start":{"line":70,"column":2},"end":{"line":70,"column":21}},"36":{"start":{"line":73,"column":15},"end":{"line":73,"column":18}},"37":{"start":{"line":74,"column":0},"end":{"line":74,"column":30}}},"fnMap":{"0":{"name":"(anonymous_0)","decl":{"start":{"line":34,"column":12},"end":{"line":34,"column":13}},"loc":{"start":{"line":34,"column":30},"end":{"line":36,"column":5}},"line":34},"1":{"name":"(anonymous_1)","decl":{"start":{"line":40,"column":12},"end":{"line":40,"column":13}},"loc":{"start":{"line":40,"column":30},"end":{"line":42,"column":5}},"line":40},"2":{"name":"(anonymous_2)","decl":{"start":{"line":46,"column":12},"end":{"line":46,"column":13}},"loc":{"start":{"line":46,"column":30},"end":{"line":48,"column":5}},"line":46},"3":{"name":"(anonymous_3)","decl":{"start":{"line":54,"column":15},"end":{"line":54,"column":16}},"loc":{"start":{"line":54,"column":35},"end":{"line":58,"column":3}},"line":54},"4":{"name":"(anonymous_4)","decl":{"start":{"line":61,"column":15},"end":{"line":61,"column":16}},"loc":{"start":{"line":61,"column":35},"end":{"line":65,"column":3}},"line":61},"5":{"name":"(anonymous_5)","decl":{"start":{"line":66,"column":19},"end":{"line":66,"column":20}},"loc":{"start":{"line":66,"column":31},"end":{"line":68,"column":3}},"line":66}},"branchMap":{"0":{"loc":{"start":{"line":27,"column":11},"end":{"line":27,"column":35}},"type":"binary-expr","locations":[{"start":{"line":27,"column":11},"end":{"line":27,"column":27}},{"start":{"line":27,"column":31},"end":{"line":27,"column":35}}],"line":27},"1":{"loc":{"start":{"line":28,"column":11},"end":{"line":28,"column":48}},"type":"binary-expr","locations":[{"start":{"line":28,"column":11},"end":{"line":28,"column":31}},{"start":{"line":28,"column":35},"end":{"line":28,"column":48}}],"line":28},"2":{"loc":{"start":{"line":31,"column":2},"end":{"line":49,"column":3}},"type":"if","locations":[{"start":{"line":31,"column":2},"end":{"line":49,"column":3}},{"start":{"line":31,"column":2},"end":{"line":49,"column":3}}],"line":31},"3":{"loc":{"start":{"line":37,"column":9},"end":{"line":49,"column":3}},"type":"if","locations":[{"start":{"line":37,"column":9},"end":{"line":49,"column":3}},{"start":{"line":37,"column":9},"end":{"line":49,"column":3}}],"line":37},"4":{"loc":{"start":{"line":43,"column":9},"end":{"line":49,"column":3}},"type":"if","locations":[{"start":{"line":43,"column":9},"end":{"line":49,"column":3}},{"start":{"line":43,"column":9},"end":{"line":49,"column":3}}],"line":43}},"s":{"0":1,"1":1,"2":1,"3":1,"4":1,"5":1,"6":1,"7":1,"8":1,"9":1,"10":1,"11":1,"12":1,"13":1,"14":1,"15":1,"16":0,"17":0,"18":1,"19":1,"20":0,"21":0,"22":0,"23":0,"24":1,"25":1,"26":1,"27":1,"28":0,"29":1,"30":1,"31":1,"32":0,"33":1,"34":1,"35":0,"36":1,"37":1},"f":{"0":0,"1":0,"2":0,"3":0,"4":0,"5":1},"b":{"0":[1,0],"1":[1,0],"2":[0,1],"3":[1,0],"4":[0,0]},"inputSourceMap":{"version":3,"sources":["app.js"],"names":["app","port","process","env","PORT","mode","NODE_ENV","mongoose","connect","DEVELOPMENT_DB","useNewUrlParser","then","result","console","log","TEST_DB","PRODUCTION_DB","use","express","json","get","req","res","message","routes","swaggerUi","serve","setup","swaggerDocument","status","listen","error"],"mappings":";;;;;;;;;AAAA;;AACA;;AACA;;AACA;;AACA;;AACA;;AACA;;AACA;;AAEA,IAAMA,GAAG,GAAG,0BAAZ;AAEA,IAAMC,IAAI,GAAGC,OAAO,CAACC,GAAR,CAAYC,IAAZ,IAAoB,IAAjC;AACA,IAAMC,IAAI,GAAGH,OAAO,CAACC,GAAR,CAAYG,QAAZ,IAAwB,aAArC;;AAEA,IAAI;AACF,MAAID,IAAI,KAAK,aAAb,EAA4B;AAC1BE,yBACGC,OADH,CACWN,OAAO,CAACC,GAAR,CAAYM,cADvB,EACuC;AAAEC,MAAAA,eAAe,EAAE;AAAnB,KADvC,EAEGC,IAFH,CAEQ,UAACC,MAAD,EAAY;AAChBC,MAAAA,OAAO,CAACC,GAAR,CAAY,kBAAZ;AACD,KAJH;AAKD,GAND,MAMO,IAAIT,IAAI,KAAK,MAAb,EAAqB;AAC1BE,yBACGC,OADH,CACWN,OAAO,CAACC,GAAR,CAAYY,OADvB,EACgC;AAAEL,MAAAA,eAAe,EAAE;AAAnB,KADhC,EAEGC,IAFH,CAEQ,UAACC,MAAD,EAAY;AAChBC,MAAAA,OAAO,CAACC,GAAR,CAAY,mBAAZ;AACD,KAJH;AAKD,GANM,MAMA,IAAIT,IAAI,KAAK,YAAb,EAA2B;AAChCE,yBACGC,OADH,CACWN,OAAO,CAACC,GAAR,CAAYa,aADvB,EACsC;AAAEN,MAAAA,eAAe,EAAE;AAAnB,KADtC,EAEGC,IAFH,CAEQ,UAACC,MAAD,EAAY;AAChBC,MAAAA,OAAO,CAACC,GAAR,CAAY,mBAAZ;AACD,KAJH;AAKD;;AACDd,EAAAA,GAAG,CAACiB,GAAJ,CAAQC,oBAAQC,IAAR,EAAR;AACAnB,EAAAA,GAAG,CAACiB,GAAJ,CAAQ,wBAAO,KAAP,CAAR;AACAjB,EAAAA,GAAG,CAACiB,GAAJ,CAAQ,uBAAR;AAEAjB,EAAAA,GAAG,CAACoB,GAAJ,CAAQ,GAAR,EAAa,UAACC,GAAD,EAAMC,GAAN,EAAc;AACzBA,IAAAA,GAAG,CAACH,IAAJ,CAAS;AAAEI,MAAAA,OAAO,EAAE;AAAX,KAAT;AACD,GAFD;AAIAvB,EAAAA,GAAG,CAACiB,GAAJ,CAAQ,UAAR,EAAoBO,iBAApB;AACAxB,EAAAA,GAAG,CAACiB,GAAJ,CAAQ,WAAR,EAAqBQ,6BAAUC,KAA/B,EAAsCD,6BAAUE,KAAV,CAAgBC,mBAAhB,CAAtC;AAEA5B,EAAAA,GAAG,CAACiB,GAAJ,CAAQ,GAAR,EAAa,UAACI,GAAD,EAAMC,GAAN,EAAc;AACzBA,IAAAA,GAAG,CAACO,MAAJ,CAAW,GAAX,EAAgBV,IAAhB,CAAqB;AAAEI,MAAAA,OAAO,EAAE;AAAX,KAArB;AACD,GAFD;AAIAvB,EAAAA,GAAG,CAAC8B,MAAJ,CAAW7B,IAAX,EAAiB,YAAM;AACrBY,IAAAA,OAAO,CAACC,GAAR,yCAA6Cb,IAA7C;AACD,GAFD;AAGD,CAtCD,CAsCE,OAAO8B,KAAP,EAAc;AACdlB,EAAAA,OAAO,CAACC,GAAR,CAAYiB,KAAZ;AACD;;eAEc/B,G","sourceRoot":"D:\\Projects\\learn-node-js\\src\\","sourcesContent":["import express from \"express\";\r\nimport mongoose from \"mongoose\";\r\nimport routes from \"./routes/index.js\";\r\nimport morgan from \"morgan\";\r\nimport cors from \"cors\";\r\nimport swaggerUi from \"swagger-ui-express\";\r\nimport swaggerDocument from \"../swagger.json\";\r\nimport \"dotenv/config\";\r\n\r\nconst app = express();\r\n\r\nconst port = process.env.PORT || 3000;\r\nconst mode = process.env.NODE_ENV || \"development\";\r\n\r\ntry {\r\n  if (mode === \"development\") {\r\n    mongoose\r\n      .connect(process.env.DEVELOPMENT_DB, { useNewUrlParser: true })\r\n      .then((result) => {\r\n        console.log(\"DEV DB Connected\");\r\n      });\r\n  } else if (mode === \"test\") {\r\n    mongoose\r\n      .connect(process.env.TEST_DB, { useNewUrlParser: true })\r\n      .then((result) => {\r\n        console.log(\"TEST DB Connected\");\r\n      });\r\n  } else if (mode === \"production\") {\r\n    mongoose\r\n      .connect(process.env.PRODUCTION_DB, { useNewUrlParser: true })\r\n      .then((result) => {\r\n        console.log(\"PROD DB Connected\");\r\n      });\r\n  }\r\n  app.use(express.json());\r\n  app.use(morgan(\"dev\"));\r\n  app.use(cors());\r\n\r\n  app.get(\"/\", (req, res) => {\r\n    res.json({ message: \"Learn node js with express\" });\r\n  });\r\n\r\n  app.use(\"/api/v1/\", routes);\r\n  app.use(\"/api-docs\", swaggerUi.serve, swaggerUi.setup(swaggerDocument));\r\n\r\n  app.use(\"*\", (req, res) => {\r\n    res.status(404).json({ message: \"Not Found\" });\r\n  });\r\n\r\n  app.listen(port, () => {\r\n    console.log(`The server is running on port ${port}`);\r\n  });\r\n} catch (error) {\r\n  console.log(error);\r\n}\r\n\r\nexport default app;\r\n"]},"_coverageSchema":"1a1c01bbd47fc00a2c39e90264f33305004495a9","hash":"ac7c0db4915254d660cf1e37adff0bb450482aef","contentHash":"dcaa46f23073aeba9dce3b40f438edd1f6dc06c25031c1424f4f3ac750bfb696"},"D:\\Projects\\learn-node-js\\src\\routes\\index.js":{"path":"D:\\Projects\\learn-node-js\\src\\routes\\index.js","statementMap":{"0":{"start":{"line":3,"column":29},"end":{"line":3,"column":84}},"1":{"start":{"line":5,"column":0},"end":{"line":7,"column":3}},"2":{"start":{"line":8,"column":0},"end":{"line":8,"column":28}},"3":{"start":{"line":10,"column":15},"end":{"line":10,"column":57}},"4":{"start":{"line":12,"column":21},"end":{"line":12,"column":78}},"5":{"start":{"line":14,"column":21},"end":{"line":14,"column":78}},"6":{"start":{"line":16,"column":21},"end":{"line":16,"column":75}},"7":{"start":{"line":18,"column":21},"end":{"line":18,"column":78}},"8":{"start":{"line":20,"column":18},"end":{"line":20,"column":72}},"9":{"start":{"line":22,"column":13},"end":{"line":22,"column":41}},"10":{"start":{"line":24,"column":0},"end":{"line":24,"column":43}},"11":{"start":{"line":25,"column":0},"end":{"line":25,"column":51}},"12":{"start":{"line":26,"column":0},"end":{"line":26,"column":51}},"13":{"start":{"line":27,"column":0},"end":{"line":27,"column":50}},"14":{"start":{"line":28,"column":0},"end":{"line":28,"column":45}},"15":{"start":{"line":29,"column":15},"end":{"line":29,"column":21}},"16":{"start":{"line":30,"column":0},"end":{"line":30,"column":30}}},"fnMap":{},"branchMap":{},"s":{"0":1,"1":1,"2":1,"3":1,"4":1,"5":1,"6":1,"7":1,"8":1,"9":1,"10":1,"11":1,"12":1,"13":1,"14":1,"15":1,"16":1},"f":{},"b":{},"inputSourceMap":{"version":3,"sources":["index.js"],"names":["routes","express","Router","use","welcomeRoutes","articleRoutes","commentRoutes","queriesRoutes","userRoutes"],"mappings":";;;;;;;;;AAAA;;AACA;;AACA;;AACA;;AACA;;AACA;;AAEA,IAAMA,MAAM,GAAGC,oBAAQC,MAAR,EAAf;;AAEAF,MAAM,CAACG,GAAP,CAAW,GAAX,EAAgBC,yBAAhB;AACAJ,MAAM,CAACG,GAAP,CAAW,WAAX,EAAwBE,yBAAxB;AACAL,MAAM,CAACG,GAAP,CAAW,WAAX,EAAwBG,yBAAxB;AACAN,MAAM,CAACG,GAAP,CAAW,UAAX,EAAuBI,yBAAvB;AACAP,MAAM,CAACG,GAAP,CAAW,QAAX,EAAqBK,sBAArB;eAEeR,M","sourceRoot":"D:\\Projects\\learn-node-js\\src\\routes\\","sourcesContent":["import express from 'express'\r\nimport welcomeRoutes from \"./api/welcomeRoutes.js\"\r\nimport articleRoutes from \"./api/articleRoutes.js\"\r\nimport commentRoutes from \"./api/commentRoutes\"\r\nimport queriesRoutes from \"./api/queriesRoutes.js\"\r\nimport userRoutes from \"./api/userRoutes.js\"\r\n\r\nconst routes = express.Router()\r\n\r\nroutes.use('/', welcomeRoutes)\r\nroutes.use('/articles', articleRoutes)\r\nroutes.use('/comments', commentRoutes)\r\nroutes.use('/queries', queriesRoutes)\r\nroutes.use('/users', userRoutes)\r\n\r\nexport default routes"]},"_coverageSchema":"1a1c01bbd47fc00a2c39e90264f33305004495a9","hash":"515a31238113ffdcc9ec611644ed8cabcbb0a256","contentHash":"4027398e7bf8c5ffedcdd0b41de33b89dfc46c2e396ecc546a386b2fe75c41d7"},"D:\\Projects\\learn-node-js\\src\\routes\\api\\welcomeRoutes.js":{"path":"D:\\Projects\\learn-node-js\\src\\routes\\api\\welcomeRoutes.js","statementMap":{"0":{"start":{"line":3,"column":29},"end":{"line":3,"column":84}},"1":{"start":{"line":5,"column":0},"end":{"line":7,"column":3}},"2":{"start":{"line":8,"column":0},"end":{"line":8,"column":28}},"3":{"start":{"line":10,"column":15},"end":{"line":10,"column":57}},"4":{"start":{"line":12,"column":25},"end":{"line":12,"column":75}},"5":{"start":{"line":14,"column":12},"end":{"line":14,"column":40}},"6":{"start":{"line":16,"column":0},"end":{"line":16,"column":43}},"7":{"start":{"line":17,"column":15},"end":{"line":17,"column":20}},"8":{"start":{"line":18,"column":0},"end":{"line":18,"column":30}}},"fnMap":{},"branchMap":{},"s":{"0":1,"1":1,"2":1,"3":1,"4":1,"5":1,"6":1,"7":1,"8":1},"f":{},"b":{},"inputSourceMap":{"version":3,"sources":["welcomeRoutes.js"],"names":["route","express","Router","get","welcome"],"mappings":";;;;;;;;;AAAA;;AACA;;AAEA,IAAMA,KAAK,GAAGC,oBAAQC,MAAR,EAAd;;AAEAF,KAAK,CAACG,GAAN,CAAU,GAAV,EAAeC,0BAAf;eAEeJ,K","sourceRoot":"D:\\Projects\\learn-node-js\\src\\routes\\api\\","sourcesContent":["import express from 'express'\r\nimport { welcome } from '../../controllers/welcome.controller.js'\r\n\r\nconst route = express.Router()\r\n\r\nroute.get('/', welcome)\r\n\r\nexport default route"]},"_coverageSchema":"1a1c01bbd47fc00a2c39e90264f33305004495a9","hash":"798fbf512c0c1e524c3341a328cf45dfff7b215d","contentHash":"ab1dd685b7ffe4d044c35ed8b7c12d514f9ae0c1d9f14a3cbca3b92729a34eaf"},"D:\\Projects\\learn-node-js\\src\\controllers\\welcome.controller.js":{"path":"D:\\Projects\\learn-node-js\\src\\controllers\\welcome.controller.js","statementMap":{"0":{"start":{"line":3,"column":0},"end":{"line":5,"column":3}},"1":{"start":{"line":6,"column":0},"end":{"line":6,"column":25}},"2":{"start":{"line":8,"column":14},"end":{"line":14,"column":1}},"3":{"start":{"line":9,"column":2},"end":{"line":13,"column":5}},"4":{"start":{"line":16,"column":0},"end":{"line":16,"column":26}}},"fnMap":{"0":{"name":"welcome","decl":{"start":{"line":8,"column":23},"end":{"line":8,"column":30}},"loc":{"start":{"line":8,"column":47},"end":{"line":14,"column":1}},"line":8}},"branchMap":{},"s":{"0":1,"1":1,"2":1,"3":0,"4":1},"f":{"0":0},"b":{},"inputSourceMap":{"version":3,"sources":["welcome.controller.js"],"names":["welcome","req","res","next","status","json","message","data"],"mappings":";;;;;;;AAAO,IAAMA,OAAO,GAAG,SAAVA,OAAU,CAACC,GAAD,EAAMC,GAAN,EAAWC,IAAX,EAAoB;AACvCD,EAAAA,GAAG,CAACE,MAAJ,CAAW,GAAX,EAAgBC,IAAhB,CAAqB;AAAED,IAAAA,MAAM,EAAE,GAAV;AAAeE,IAAAA,OAAO,EAAE,mBAAxB;AAA6CC,IAAAA,IAAI,EAAE;AAAnD,GAArB;AACH,CAFM","sourceRoot":"D:\\Projects\\learn-node-js\\src\\controllers\\","sourcesContent":["export const welcome = (req, res, next) => {\r\n    res.status(200).json({ status: 200, message: \"Welcome to my api\", data: \"\" })\r\n}"]},"_coverageSchema":"1a1c01bbd47fc00a2c39e90264f33305004495a9","hash":"e02adad645ebb3c1e9967b345277752c8a749022","contentHash":"92b45104e6a095f725c4407e7e297e684a9891c905d4896c350e55238a819d83"},"D:\\Projects\\learn-node-js\\src\\routes\\api\\articleRoutes.js":{"path":"D:\\Projects\\learn-node-js\\src\\routes\\api\\articleRoutes.js","statementMap":{"0":{"start":{"line":3,"column":29},"end":{"line":3,"column":84}},"1":{"start":{"line":5,"column":0},"end":{"line":7,"column":3}},"2":{"start":{"line":8,"column":0},"end":{"line":8,"column":28}},"3":{"start":{"line":10,"column":15},"end":{"line":10,"column":57}},"4":{"start":{"line":12,"column":25},"end":{"line":12,"column":76}},"5":{"start":{"line":14,"column":14},"end":{"line":14,"column":55}},"6":{"start":{"line":16,"column":18},"end":{"line":16,"column":56}},"7":{"start":{"line":18,"column":20},"end":{"line":18,"column":64}},"8":{"start":{"line":20,"column":25},"end":{"line":20,"column":93}},"9":{"start":{"line":22,"column":12},"end":{"line":22,"column":40}},"10":{"start":{"line":24,"column":14},"end":{"line":24,"column":48}},"11":{"start":{"line":26,"column":14},"end":{"line":29,"column":2}},"12":{"start":{"line":30,"column":25},"end":{"line":30,"column":67}},"13":{"start":{"line":31,"column":0},"end":{"line":31,"column":141}},"14":{"start":{"line":32,"column":0},"end":{"line":32,"column":50}},"15":{"start":{"line":33,"column":0},"end":{"line":33,"column":49}},"16":{"start":{"line":34,"column":0},"end":{"line":34,"column":105}},"17":{"start":{"line":35,"column":0},"end":{"line":35,"column":86}},"18":{"start":{"line":36,"column":15},"end":{"line":36,"column":20}},"19":{"start":{"line":37,"column":0},"end":{"line":37,"column":30}}},"fnMap":{},"branchMap":{},"s":{"0":1,"1":1,"2":1,"3":1,"4":1,"5":1,"6":1,"7":1,"8":1,"9":1,"10":1,"11":1,"12":1,"13":1,"14":1,"15":1,"16":1,"17":1,"18":1,"19":1},"f":{},"b":{},"inputSourceMap":{"version":3,"sources":["articleRoutes.js"],"names":["route","express","Router","storage","multer","diskStorage","uploads","fileFilter","articleControllers","ArticleController","post","authenticate","single","articleValidation","createArticle","get","getAllArticles","getArticle","put","updateArticle","deleteArticle"],"mappings":";;;;;;;;;AAAA;;AACA;;AACA;;AACA;;AACA;;AACA;;AAEA,IAAMA,KAAK,GAAGC,oBAAQC,MAAR,EAAd;;AACA,IAAMC,OAAO,GAAGC,mBAAOC,WAAP,CAAmB,EAAnB,CAAhB;;AAEA,IAAMC,OAAO,GAAG,wBAAO;AAAEH,EAAAA,OAAO,EAAPA,OAAF;AAAWI,EAAAA,UAAU,EAAVA;AAAX,CAAP,CAAhB;AACA,IAAMC,kBAAkB,GAAG,IAAIC,oCAAJ,EAA3B;AACAT,KAAK,CAACU,IAAN,CAAW,GAAX,EAAgBC,0BAAhB,EAA8BL,OAAO,CAACM,MAAR,CAAe,OAAf,CAA9B,EAAuDC,oCAAvD,EAA0EL,kBAAkB,CAACM,aAA7F;AACAd,KAAK,CAACe,GAAN,CAAU,GAAV,EAAeP,kBAAkB,CAACQ,cAAlC;AACAhB,KAAK,CAACe,GAAN,CAAU,MAAV,EAAkBP,kBAAkB,CAACS,UAArC;AACAjB,KAAK,CAACkB,GAAN,CAAU,MAAV,EAAkBP,0BAAlB,EAAgCL,OAAO,CAACM,MAAR,CAAe,OAAf,CAAhC,EAAyDJ,kBAAkB,CAACW,aAA5E;AACAnB,KAAK,UAAL,CAAa,MAAb,EAAqBW,0BAArB,EAAmCH,kBAAkB,CAACY,aAAtD;eAEepB,K","sourceRoot":"D:\\Projects\\learn-node-js\\src\\routes\\api\\","sourcesContent":["import express from 'express'\r\nimport { ArticleController } from './../../controllers/articleController.js'\r\nimport multer from 'multer';\r\nimport { fileFilter } from '../../helpers/fileFilter.js';\r\nimport { authenticate } from '../../middlewares/authenticate.js';\r\nimport { articleValidation } from '../../validations/articleValidation/article.validation.js';\r\n\r\nconst route = express.Router()\r\nconst storage = multer.diskStorage({});\r\n\r\nconst uploads = multer({ storage, fileFilter });\r\nconst articleControllers = new ArticleController()\r\nroute.post('/', authenticate, uploads.single('image'), articleValidation, articleControllers.createArticle)\r\nroute.get('/', articleControllers.getAllArticles)\r\nroute.get('/:id', articleControllers.getArticle)\r\nroute.put('/:id', authenticate, uploads.single('image'), articleControllers.updateArticle)\r\nroute.delete('/:id', authenticate, articleControllers.deleteArticle)\r\n\r\nexport default route"]},"_coverageSchema":"1a1c01bbd47fc00a2c39e90264f33305004495a9","hash":"7a6fabd2012b6933fd61dcabd3b6e9ad3c42aa17","contentHash":"1072ba5abe98bf91cb681a69dcbbba70f3a1c5d03132aed8b913093dd3b7b293"},"D:\\Projects\\learn-node-js\\src\\controllers\\articleController.js":{"path":"D:\\Projects\\learn-node-js\\src\\controllers\\articleController.js","statementMap":{"0":{"start":{"line":3,"column":29},"end":{"line":3,"column":84}},"1":{"start":{"line":5,"column":0},"end":{"line":7,"column":3}},"2":{"start":{"line":8,"column":0},"end":{"line":8,"column":35}},"3":{"start":{"line":10,"column":19},"end":{"line":10,"column":80}},"4":{"start":{"line":12,"column":25},"end":{"line":12,"column":99}},"5":{"start":{"line":14,"column":23},"end":{"line":14,"column":95}},"6":{"start":{"line":16,"column":20},"end":{"line":16,"column":89}},"7":{"start":{"line":18,"column":23},"end":{"line":18,"column":64}},"8":{"start":{"line":20,"column":18},"end":{"line":20,"column":53}},"9":{"start":{"line":22,"column":37},"end":{"line":271,"column":3}},"10":{"start":{"line":24,"column":4},"end":{"line":24,"column":62}},"11":{"start":{"line":27,"column":2},"end":{"line":269,"column":6}},"12":{"start":{"line":30,"column":27},"end":{"line":72,"column":9}},"13":{"start":{"line":32,"column":8},"end":{"line":71,"column":37}},"14":{"start":{"line":33,"column":10},"end":{"line":70,"column":11}},"15":{"start":{"line":34,"column":12},"end":{"line":69,"column":13}},"16":{"start":{"line":36,"column":16},"end":{"line":36,"column":34}},"17":{"start":{"line":37,"column":16},"end":{"line":37,"column":34}},"18":{"start":{"line":38,"column":16},"end":{"line":38,"column":56}},"19":{"start":{"line":41,"column":16},"end":{"line":41,"column":47}},"20":{"start":{"line":42,"column":16},"end":{"line":47,"column":18}},"21":{"start":{"line":48,"column":16},"end":{"line":48,"column":34}},"22":{"start":{"line":49,"column":16},"end":{"line":49,"column":72}},"23":{"start":{"line":52,"column":16},"end":{"line":52,"column":40}},"24":{"start":{"line":53,"column":16},"end":{"line":57,"column":19}},"25":{"start":{"line":58,"column":16},"end":{"line":58,"column":35}},"26":{"start":{"line":59,"column":16},"end":{"line":59,"column":22}},"27":{"start":{"line":62,"column":16},"end":{"line":62,"column":35}},"28":{"start":{"line":63,"column":16},"end":{"line":63,"column":51}},"29":{"start":{"line":64,"column":16},"end":{"line":64,"column":41}},"30":{"start":{"line":68,"column":16},"end":{"line":68,"column":39}},"31":{"start":{"line":75,"column":8},"end":{"line":75,"column":53}},"32":{"start":{"line":78,"column":6},"end":{"line":78,"column":27}},"33":{"start":{"line":83,"column":28},"end":{"line":114,"column":9}},"34":{"start":{"line":85,"column":8},"end":{"line":113,"column":37}},"35":{"start":{"line":86,"column":10},"end":{"line":112,"column":11}},"36":{"start":{"line":87,"column":12},"end":{"line":111,"column":13}},"37":{"start":{"line":89,"column":16},"end":{"line":89,"column":35}},"38":{"start":{"line":90,"column":16},"end":{"line":90,"column":35}},"39":{"start":{"line":91,"column":16},"end":{"line":91,"column":69}},"40":{"start":{"line":94,"column":16},"end":{"line":94,"column":42}},"41":{"start":{"line":95,"column":16},"end":{"line":99,"column":19}},"42":{"start":{"line":100,"column":16},"end":{"line":100,"column":36}},"43":{"start":{"line":101,"column":16},"end":{"line":101,"column":22}},"44":{"start":{"line":104,"column":16},"end":{"line":104,"column":35}},"45":{"start":{"line":105,"column":16},"end":{"line":105,"column":53}},"46":{"start":{"line":106,"column":16},"end":{"line":106,"column":42}},"47":{"start":{"line":110,"column":16},"end":{"line":110,"column":40}},"48":{"start":{"line":117,"column":8},"end":{"line":117,"column":54}},"49":{"start":{"line":120,"column":6},"end":{"line":120,"column":28}},"50":{"start":{"line":125,"column":24},"end":{"line":165,"column":9}},"51":{"start":{"line":127,"column":8},"end":{"line":164,"column":37}},"52":{"start":{"line":128,"column":10},"end":{"line":163,"column":11}},"53":{"start":{"line":129,"column":12},"end":{"line":162,"column":13}},"54":{"start":{"line":131,"column":16},"end":{"line":131,"column":35}},"55":{"start":{"line":132,"column":16},"end":{"line":132,"column":35}},"56":{"start":{"line":133,"column":16},"end":{"line":133,"column":81}},"57":{"start":{"line":136,"column":16},"end":{"line":136,"column":41}},"58":{"start":{"line":138,"column":16},"end":{"line":149,"column":17}},"59":{"start":{"line":139,"column":18},"end":{"line":143,"column":21}},"60":{"start":{"line":145,"column":18},"end":{"line":148,"column":21}},"61":{"start":{"line":151,"column":16},"end":{"line":151,"column":36}},"62":{"start":{"line":152,"column":16},"end":{"line":152,"column":22}},"63":{"start":{"line":155,"column":16},"end":{"line":155,"column":35}},"64":{"start":{"line":156,"column":16},"end":{"line":156,"column":53}},"65":{"start":{"line":157,"column":16},"end":{"line":157,"column":42}},"66":{"start":{"line":161,"column":16},"end":{"line":161,"column":40}},"67":{"start":{"line":168,"column":8},"end":{"line":168,"column":50}},"68":{"start":{"line":171,"column":6},"end":{"line":171,"column":24}},"69":{"start":{"line":176,"column":28},"end":{"line":220,"column":9}},"70":{"start":{"line":178,"column":8},"end":{"line":219,"column":38}},"71":{"start":{"line":179,"column":10},"end":{"line":218,"column":11}},"72":{"start":{"line":180,"column":12},"end":{"line":217,"column":13}},"73":{"start":{"line":182,"column":16},"end":{"line":182,"column":35}},"74":{"start":{"line":184,"column":16},"end":{"line":187,"column":17}},"75":{"start":{"line":185,"column":18},"end":{"line":185,"column":37}},"76":{"start":{"line":186,"column":18},"end":{"line":186,"column":24}},"77":{"start":{"line":189,"column":16},"end":{"line":189,"column":35}},"78":{"start":{"line":190,"column":16},"end":{"line":190,"column":56}},"79":{"start":{"line":193,"column":16},"end":{"line":193,"column":48}},"80":{"start":{"line":196,"column":16},"end":{"line":196,"column":35}},"81":{"start":{"line":197,"column":16},"end":{"line":197,"column":84}},"82":{"start":{"line":200,"column":16},"end":{"line":200,"column":41}},"83":{"start":{"line":201,"column":16},"end":{"line":205,"column":19}},"84":{"start":{"line":206,"column":16},"end":{"line":206,"column":36}},"85":{"start":{"line":207,"column":16},"end":{"line":207,"column":22}},"86":{"start":{"line":210,"column":16},"end":{"line":210,"column":36}},"87":{"start":{"line":211,"column":16},"end":{"line":211,"column":53}},"88":{"start":{"line":212,"column":16},"end":{"line":212,"column":42}},"89":{"start":{"line":216,"column":16},"end":{"line":216,"column":40}},"90":{"start":{"line":223,"column":8},"end":{"line":223,"column":54}},"91":{"start":{"line":226,"column":6},"end":{"line":226,"column":27}},"92":{"start":{"line":231,"column":28},"end":{"line":261,"column":9}},"93":{"start":{"line":233,"column":8},"end":{"line":260,"column":37}},"94":{"start":{"line":234,"column":10},"end":{"line":259,"column":11}},"95":{"start":{"line":235,"column":12},"end":{"line":258,"column":13}},"96":{"start":{"line":237,"column":16},"end":{"line":237,"column":35}},"97":{"start":{"line":238,"column":16},"end":{"line":238,"column":35}},"98":{"start":{"line":239,"column":16},"end":{"line":239,"column":74}},"99":{"start":{"line":242,"column":16},"end":{"line":242,"column":40}},"100":{"start":{"line":243,"column":16},"end":{"line":246,"column":19}},"101":{"start":{"line":247,"column":16},"end":{"line":247,"column":36}},"102":{"start":{"line":248,"column":16},"end":{"line":248,"column":22}},"103":{"start":{"line":251,"column":16},"end":{"line":251,"column":35}},"104":{"start":{"line":252,"column":16},"end":{"line":252,"column":53}},"105":{"start":{"line":253,"column":16},"end":{"line":253,"column":42}},"106":{"start":{"line":257,"column":16},"end":{"line":257,"column":40}},"107":{"start":{"line":264,"column":8},"end":{"line":264,"column":54}},"108":{"start":{"line":267,"column":6},"end":{"line":267,"column":27}},"109":{"start":{"line":270,"column":2},"end":{"line":270,"column":27}},"110":{"start":{"line":273,"column":0},"end":{"line":273,"column":46}}},"fnMap":{"0":{"name":"(anonymous_0)","decl":{"start":{"line":22,"column":37},"end":{"line":22,"column":38}},"loc":{"start":{"line":22,"column":49},"end":{"line":271,"column":1}},"line":22},"1":{"name":"ArticleController","decl":{"start":{"line":23,"column":11},"end":{"line":23,"column":28}},"loc":{"start":{"line":23,"column":31},"end":{"line":25,"column":3}},"line":23},"2":{"name":"(anonymous_2)","decl":{"start":{"line":29,"column":11},"end":{"line":29,"column":12}},"loc":{"start":{"line":29,"column":23},"end":{"line":79,"column":5}},"line":29},"3":{"name":"_callee","decl":{"start":{"line":30,"column":114},"end":{"line":30,"column":121}},"loc":{"start":{"line":30,"column":138},"end":{"line":72,"column":7}},"line":30},"4":{"name":"_callee$","decl":{"start":{"line":32,"column":53},"end":{"line":32,"column":61}},"loc":{"start":{"line":32,"column":72},"end":{"line":71,"column":9}},"line":32},"5":{"name":"createArticle","decl":{"start":{"line":74,"column":15},"end":{"line":74,"column":28}},"loc":{"start":{"line":74,"column":43},"end":{"line":76,"column":7}},"line":74},"6":{"name":"(anonymous_6)","decl":{"start":{"line":82,"column":11},"end":{"line":82,"column":12}},"loc":{"start":{"line":82,"column":23},"end":{"line":121,"column":5}},"line":82},"7":{"name":"_callee2","decl":{"start":{"line":83,"column":115},"end":{"line":83,"column":123}},"loc":{"start":{"line":83,"column":140},"end":{"line":114,"column":7}},"line":83},"8":{"name":"_callee2$","decl":{"start":{"line":85,"column":53},"end":{"line":85,"column":62}},"loc":{"start":{"line":85,"column":74},"end":{"line":113,"column":9}},"line":85},"9":{"name":"getAllArticles","decl":{"start":{"line":116,"column":15},"end":{"line":116,"column":29}},"loc":{"start":{"line":116,"column":45},"end":{"line":118,"column":7}},"line":116},"10":{"name":"(anonymous_10)","decl":{"start":{"line":124,"column":11},"end":{"line":124,"column":12}},"loc":{"start":{"line":124,"column":23},"end":{"line":172,"column":5}},"line":124},"11":{"name":"_callee3","decl":{"start":{"line":125,"column":111},"end":{"line":125,"column":119}},"loc":{"start":{"line":125,"column":136},"end":{"line":165,"column":7}},"line":125},"12":{"name":"_callee3$","decl":{"start":{"line":127,"column":53},"end":{"line":127,"column":62}},"loc":{"start":{"line":127,"column":74},"end":{"line":164,"column":9}},"line":127},"13":{"name":"getArticle","decl":{"start":{"line":167,"column":15},"end":{"line":167,"column":25}},"loc":{"start":{"line":167,"column":41},"end":{"line":169,"column":7}},"line":167},"14":{"name":"(anonymous_14)","decl":{"start":{"line":175,"column":11},"end":{"line":175,"column":12}},"loc":{"start":{"line":175,"column":23},"end":{"line":227,"column":5}},"line":175},"15":{"name":"_callee4","decl":{"start":{"line":176,"column":115},"end":{"line":176,"column":123}},"loc":{"start":{"line":176,"column":140},"end":{"line":220,"column":7}},"line":176},"16":{"name":"_callee4$","decl":{"start":{"line":178,"column":53},"end":{"line":178,"column":62}},"loc":{"start":{"line":178,"column":74},"end":{"line":219,"column":9}},"line":178},"17":{"name":"updateArticle","decl":{"start":{"line":222,"column":15},"end":{"line":222,"column":28}},"loc":{"start":{"line":222,"column":47},"end":{"line":224,"column":7}},"line":222},"18":{"name":"(anonymous_18)","decl":{"start":{"line":230,"column":11},"end":{"line":230,"column":12}},"loc":{"start":{"line":230,"column":23},"end":{"line":268,"column":5}},"line":230},"19":{"name":"_callee5","decl":{"start":{"line":231,"column":115},"end":{"line":231,"column":123}},"loc":{"start":{"line":231,"column":140},"end":{"line":261,"column":7}},"line":231},"20":{"name":"_callee5$","decl":{"start":{"line":233,"column":53},"end":{"line":233,"column":62}},"loc":{"start":{"line":233,"column":74},"end":{"line":260,"column":9}},"line":233},"21":{"name":"deleteArticle","decl":{"start":{"line":263,"column":15},"end":{"line":263,"column":28}},"loc":{"start":{"line":263,"column":47},"end":{"line":265,"column":7}},"line":263}},"branchMap":{"0":{"loc":{"start":{"line":34,"column":12},"end":{"line":69,"column":13}},"type":"switch","locations":[{"start":{"line":35,"column":14},"end":{"line":38,"column":56}},{"start":{"line":40,"column":14},"end":{"line":49,"column":72}},{"start":{"line":51,"column":14},"end":{"line":59,"column":22}},{"start":{"line":61,"column":14},"end":{"line":64,"column":41}},{"start":{"line":66,"column":14},"end":{"line":66,"column":22}},{"start":{"line":67,"column":14},"end":{"line":68,"column":39}}],"line":34},"1":{"loc":{"start":{"line":87,"column":12},"end":{"line":111,"column":13}},"type":"switch","locations":[{"start":{"line":88,"column":14},"end":{"line":91,"column":69}},{"start":{"line":93,"column":14},"end":{"line":101,"column":22}},{"start":{"line":103,"column":14},"end":{"line":106,"column":42}},{"start":{"line":108,"column":14},"end":{"line":108,"column":22}},{"start":{"line":109,"column":14},"end":{"line":110,"column":40}}],"line":87},"2":{"loc":{"start":{"line":129,"column":12},"end":{"line":162,"column":13}},"type":"switch","locations":[{"start":{"line":130,"column":14},"end":{"line":133,"column":81}},{"start":{"line":135,"column":14},"end":{"line":152,"column":22}},{"start":{"line":154,"column":14},"end":{"line":157,"column":42}},{"start":{"line":159,"column":14},"end":{"line":159,"column":22}},{"start":{"line":160,"column":14},"end":{"line":161,"column":40}}],"line":129},"3":{"loc":{"start":{"line":138,"column":16},"end":{"line":149,"column":17}},"type":"if","locations":[{"start":{"line":138,"column":16},"end":{"line":149,"column":17}},{"start":{"line":138,"column":16},"end":{"line":149,"column":17}}],"line":138},"4":{"loc":{"start":{"line":180,"column":12},"end":{"line":217,"column":13}},"type":"switch","locations":[{"start":{"line":181,"column":14},"end":{"line":190,"column":56}},{"start":{"line":192,"column":14},"end":{"line":193,"column":48}},{"start":{"line":195,"column":14},"end":{"line":197,"column":84}},{"start":{"line":199,"column":14},"end":{"line":207,"column":22}},{"start":{"line":209,"column":14},"end":{"line":212,"column":42}},{"start":{"line":214,"column":14},"end":{"line":214,"column":22}},{"start":{"line":215,"column":14},"end":{"line":216,"column":40}}],"line":180},"5":{"loc":{"start":{"line":184,"column":16},"end":{"line":187,"column":17}},"type":"if","locations":[{"start":{"line":184,"column":16},"end":{"line":187,"column":17}},{"start":{"line":184,"column":16},"end":{"line":187,"column":17}}],"line":184},"6":{"loc":{"start":{"line":235,"column":12},"end":{"line":258,"column":13}},"type":"switch","locations":[{"start":{"line":236,"column":14},"end":{"line":239,"column":74}},{"start":{"line":241,"column":14},"end":{"line":248,"column":22}},{"start":{"line":250,"column":14},"end":{"line":253,"column":42}},{"start":{"line":255,"column":14},"end":{"line":255,"column":22}},{"start":{"line":256,"column":14},"end":{"line":257,"column":40}}],"line":235}},"s":{"0":1,"1":1,"2":1,"3":1,"4":1,"5":1,"6":1,"7":1,"8":1,"9":1,"10":1,"11":1,"12":1,"13":0,"14":0,"15":0,"16":0,"17":0,"18":0,"19":0,"20":0,"21":0,"22":0,"23":0,"24":0,"25":0,"26":0,"27":0,"28":0,"29":0,"30":0,"31":0,"32":1,"33":1,"34":0,"35":0,"36":0,"37":0,"38":0,"39":0,"40":0,"41":0,"42":0,"43":0,"44":0,"45":0,"46":0,"47":0,"48":0,"49":1,"50":1,"51":0,"52":0,"53":0,"54":0,"55":0,"56":0,"57":0,"58":0,"59":0,"60":0,"61":0,"62":0,"63":0,"64":0,"65":0,"66":0,"67":0,"68":1,"69":1,"70":0,"71":0,"72":0,"73":0,"74":0,"75":0,"76":0,"77":0,"78":0,"79":0,"80":0,"81":0,"82":0,"83":0,"84":0,"85":0,"86":0,"87":0,"88":0,"89":0,"90":0,"91":1,"92":1,"93":0,"94":0,"95":0,"96":0,"97":0,"98":0,"99":0,"100":0,"101":0,"102":0,"103":0,"104":0,"105":0,"106":0,"107":0,"108":1,"109":1,"110":1},"f":{"0":1,"1":1,"2":1,"3":0,"4":0,"5":0,"6":1,"7":0,"8":0,"9":0,"10":1,"11":0,"12":0,"13":0,"14":1,"15":0,"16":0,"17":0,"18":1,"19":0,"20":0,"21":0},"b":{"0":[0,0,0,0,0,0],"1":[0,0,0,0,0],"2":[0,0,0,0,0],"3":[0,0],"4":[0,0,0,0,0,0,0],"5":[0,0],"6":[0,0,0,0,0]},"inputSourceMap":{"version":3,"sources":["articleController.js"],"names":["ArticleController","req","res","next","body","image","data","title","content","create_at","Date","article","status","json","message","console","log","articles","params","id","file","result"],"mappings":";;;;;;;;;;;;;;;;;AAAA;;AACA;;IACaA,iB;;;;;;;;yGAET,iBAAoBC,GAApB,EAAyBC,GAAzB,EAA8BC,IAA9B;AAAA;AAAA;AAAA;AAAA;AAAA;AAAA;AAAA;AAAA,uBAE+B,4BAAWF,GAAX,CAF/B;;AAAA;AAEQA,gBAAAA,GAAG,CAACG,IAAJ,CAASC,KAFjB;AAGcC,gBAAAA,IAHd,GAGqB;AACTC,kBAAAA,KAAK,EAAEN,GAAG,CAACG,IAAJ,CAASG,KADP;AAETC,kBAAAA,OAAO,EAAEP,GAAG,CAACG,IAAJ,CAASI,OAFT;AAGTH,kBAAAA,KAAK,EAAEJ,GAAG,CAACG,IAAJ,CAASC,KAHP;AAITI,kBAAAA,SAAS,EAAE,IAAIC,IAAJ;AAJF,iBAHrB;AAAA;AAAA,uBAS8B,2CAAqBJ,IAArB,CAT9B;;AAAA;AAScK,gBAAAA,OATd;AAUQT,gBAAAA,GAAG,CAACU,MAAJ,CAAW,GAAX,EAAgBC,IAAhB,CAAqB;AAAED,kBAAAA,MAAM,EAAE,GAAV;AAAeE,kBAAAA,OAAO,EAAE,8BAAxB;AAAwDR,kBAAAA,IAAI,EAAEK;AAA9D,iBAArB;AAVR;AAAA;;AAAA;AAAA;AAAA;AAYQI,gBAAAA,OAAO,CAACC,GAAR;;AAZR;AAAA;AAAA;AAAA;AAAA;AAAA;AAAA,O;;;;;;;;;;;0GAgBA,kBAAqBf,GAArB,EAA0BC,GAA1B,EAA+BC,IAA/B;AAAA;AAAA;AAAA;AAAA;AAAA;AAAA;AAAA;AAAA,uBAE+B,6CAF/B;;AAAA;AAEcc,gBAAAA,QAFd;AAGQf,gBAAAA,GAAG,CAACU,MAAJ,CAAW,GAAX,EAAgBC,IAAhB,CAAqB;AAAED,kBAAAA,MAAM,EAAE,GAAV;AAAeE,kBAAAA,OAAO,EAAE,4BAAxB;AAAsDR,kBAAAA,IAAI,EAAEW;AAA5D,iBAArB;AAHR;AAAA;;AAAA;AAAA;AAAA;AAKQF,gBAAAA,OAAO,CAACC,GAAR;;AALR;AAAA;AAAA;AAAA;AAAA;AAAA;AAAA,O;;;;;;;;;;;sGASA,kBAAiBf,GAAjB,EAAsBC,GAAtB,EAA2BC,IAA3B;AAAA;AAAA;AAAA;AAAA;AAAA;AAAA;AAAA;AAAA,uBAE8B,2CAAqBF,GAAG,CAACiB,MAAJ,CAAWC,EAAhC,CAF9B;;AAAA;AAEcR,gBAAAA,OAFd;;AAGQ,oBAAI,OAAOA,OAAP,KAAmB,QAAvB,EAAiC;AAC7BT,kBAAAA,GAAG,CAACU,MAAJ,CAAW,GAAX,EAAgBC,IAAhB,CAAqB;AAAED,oBAAAA,MAAM,EAAE,GAAV;AAAeE,oBAAAA,OAAO,EAAE,+BAAxB;AAAyDR,oBAAAA,IAAI,EAAEK;AAA/D,mBAArB;AACH,iBAFD,MAEO;AACHT,kBAAAA,GAAG,CAACU,MAAJ,CAAW,GAAX,EAAgBC,IAAhB,CAAqB;AAAED,oBAAAA,MAAM,EAAE,GAAV;AAAeE,oBAAAA,OAAO,EAAEH;AAAxB,mBAArB;AACH;;AAPT;AAAA;;AAAA;AAAA;AAAA;AAUQI,gBAAAA,OAAO,CAACC,GAAR;;AAVR;AAAA;AAAA;AAAA;AAAA;AAAA;AAAA,O;;;;;;;;;;;0GAcA,kBAAoBf,GAApB,EAAyBC,GAAzB,EAA8BC,IAA9B;AAAA;AAAA;AAAA;AAAA;AAAA;AAAA;;AAAA,qBAEYF,GAAG,CAACmB,IAFhB;AAAA;AAAA;AAAA;;AAAA;AAAA,uBAGmC,4BAAWnB,GAAX,CAHnC;;AAAA;AAGYA,gBAAAA,GAAG,CAACG,IAAJ,CAASC,KAHrB;;AAAA;AAAA;AAAA,uBAK8B,oCAAcJ,GAAG,CAACiB,MAAJ,CAAWC,EAAzB,EAA6BlB,GAAG,CAACG,IAAjC,CAL9B;;AAAA;AAKcO,gBAAAA,OALd;AAMQT,gBAAAA,GAAG,CAACU,MAAJ,CAAW,GAAX,EAAgBC,IAAhB,CAAqB;AAAED,kBAAAA,MAAM,EAAE,GAAV;AAAeE,kBAAAA,OAAO,EAAE,8BAAxB;AAAwDR,kBAAAA,IAAI,EAAEK;AAA9D,iBAArB;AANR;AAAA;;AAAA;AAAA;AAAA;AAQQI,gBAAAA,OAAO,CAACC,GAAR;;AARR;AAAA;AAAA;AAAA;AAAA;AAAA;AAAA,O;;;;;;;;;;;0GAYA,kBAAoBf,GAApB,EAAyBC,GAAzB,EAA8BC,IAA9B;AAAA;AAAA;AAAA;AAAA;AAAA;AAAA;AAAA;AAAA,uBAE6B,oCAAcF,GAAG,CAACiB,MAAJ,CAAWC,EAAzB,CAF7B;;AAAA;AAEcE,gBAAAA,MAFd;AAGQnB,gBAAAA,GAAG,CAACU,MAAJ,CAAW,GAAX,EAAgBC,IAAhB,CAAqB;AAAED,kBAAAA,MAAM,EAAE,GAAV;AAAeE,kBAAAA,OAAO,EAAEO;AAAxB,iBAArB;AAHR;AAAA;;AAAA;AAAA;AAAA;AAKQN,gBAAAA,OAAO,CAACC,GAAR;;AALR;AAAA;AAAA;AAAA;AAAA;AAAA;AAAA,O","sourceRoot":"D:\\Projects\\learn-node-js\\src\\controllers\\","sourcesContent":["import { createArticleService, deleteArticle, getAllArticlesService, getOneArticleService, updateArticle } from \"../services/articleServices.js\"\r\nimport { uploadFile } from \"../helpers/fileUpload.js\"\r\nexport class ArticleController {\r\n\r\n    async createArticle(req, res, next) {\r\n        try {\r\n            req.body.image = await uploadFile(req)\r\n            const data = {\r\n                title: req.body.title,\r\n                content: req.body.content,\r\n                image: req.body.image,\r\n                create_at: new Date()\r\n            }\r\n            const article = await createArticleService(data)\r\n            res.status(200).json({ status: 200, message: \"Article created successfully\", data: article })\r\n        } catch (error) {\r\n            console.log(error)\r\n        }\r\n    }\r\n\r\n    async getAllArticles(req, res, next) {\r\n        try {\r\n            const articles = await getAllArticlesService()\r\n            res.status(200).json({ status: 200, message: \"These are all the articles\", data: articles })\r\n        } catch (error) {\r\n            console.log(error)\r\n        }\r\n    }\r\n\r\n    async getArticle(req, res, next) {\r\n        try {\r\n            const article = await getOneArticleService(req.params.id)\r\n            if (typeof article !== \"string\") {\r\n                res.status(200).json({ status: 200, message: \"article retieved successfully\", data: article })\r\n            } else {\r\n                res.status(404).json({ status: 404, message: article })\r\n            }\r\n\r\n        } catch (error) {\r\n            console.log(error)\r\n        }\r\n    }\r\n\r\n    async updateArticle(req, res, next) {\r\n        try {\r\n            if (req.file) {\r\n                req.body.image = await uploadFile(req)\r\n            }\r\n            const article = await updateArticle(req.params.id, req.body)\r\n            res.status(200).json({ status: 200, message: \"article updated successfully\", data: article })\r\n        } catch (error) {\r\n            console.log(error)\r\n        }\r\n    }\r\n\r\n    async deleteArticle(req, res, next) {\r\n        try {\r\n            const result = await deleteArticle(req.params.id)\r\n            res.status(200).json({ status: 200, message: result })\r\n        } catch (error) {\r\n            console.log(error)\r\n        }\r\n    }\r\n}\r\n"]},"_coverageSchema":"1a1c01bbd47fc00a2c39e90264f33305004495a9","hash":"c3475b4112c1d9d3825fe72b9f65c704f037920f","contentHash":"9986ab22c2ebc43366ef42a368a21f5ef121ff42e101813a275348da57ef8d1c"},"D:\\Projects\\learn-node-js\\src\\services\\articleServices.js":{"path":"D:\\Projects\\learn-node-js\\src\\services\\articleServices.js","statementMap":{"0":{"start":{"line":3,"column":29},"end":{"line":3,"column":84}},"1":{"start":{"line":5,"column":0},"end":{"line":7,"column":3}},"2":{"start":{"line":8,"column":0},"end":{"line":8,"column":149}},"3":{"start":{"line":10,"column":19},"end":{"line":10,"column":80}},"4":{"start":{"line":12,"column":25},"end":{"line":12,"column":99}},"5":{"start":{"line":14,"column":15},"end":{"line":14,"column":70}},"6":{"start":{"line":16,"column":40},"end":{"line":42,"column":3}},"7":{"start":{"line":17,"column":13},"end":{"line":37,"column":5}},"8":{"start":{"line":19,"column":4},"end":{"line":36,"column":16}},"9":{"start":{"line":20,"column":6},"end":{"line":35,"column":7}},"10":{"start":{"line":21,"column":8},"end":{"line":34,"column":9}},"11":{"start":{"line":23,"column":12},"end":{"line":23,"column":30}},"12":{"start":{"line":24,"column":12},"end":{"line":24,"column":50}},"13":{"start":{"line":27,"column":12},"end":{"line":27,"column":36}},"14":{"start":{"line":28,"column":12},"end":{"line":28,"column":27}},"15":{"start":{"line":29,"column":12},"end":{"line":29,"column":54}},"16":{"start":{"line":33,"column":12},"end":{"line":33,"column":35}},"17":{"start":{"line":39,"column":2},"end":{"line":41,"column":4}},"18":{"start":{"line":40,"column":4},"end":{"line":40,"column":39}},"19":{"start":{"line":44,"column":0},"end":{"line":44,"column":52}},"20":{"start":{"line":46,"column":41},"end":{"line":71,"column":3}},"21":{"start":{"line":47,"column":14},"end":{"line":66,"column":5}},"22":{"start":{"line":49,"column":4},"end":{"line":65,"column":17}},"23":{"start":{"line":50,"column":6},"end":{"line":64,"column":7}},"24":{"start":{"line":51,"column":8},"end":{"line":63,"column":9}},"25":{"start":{"line":53,"column":12},"end":{"line":53,"column":31}},"26":{"start":{"line":54,"column":12},"end":{"line":54,"column":46}},"27":{"start":{"line":57,"column":12},"end":{"line":57,"column":38}},"28":{"start":{"line":58,"column":12},"end":{"line":58,"column":56}},"29":{"start":{"line":62,"column":12},"end":{"line":62,"column":36}},"30":{"start":{"line":68,"column":2},"end":{"line":70,"column":4}},"31":{"start":{"line":69,"column":4},"end":{"line":69,"column":40}},"32":{"start":{"line":73,"column":0},"end":{"line":73,"column":54}},"33":{"start":{"line":75,"column":40},"end":{"line":121,"column":3}},"34":{"start":{"line":76,"column":14},"end":{"line":116,"column":5}},"35":{"start":{"line":78,"column":4},"end":{"line":115,"column":34}},"36":{"start":{"line":79,"column":6},"end":{"line":114,"column":7}},"37":{"start":{"line":80,"column":8},"end":{"line":113,"column":9}},"38":{"start":{"line":82,"column":12},"end":{"line":82,"column":31}},"39":{"start":{"line":83,"column":12},"end":{"line":83,"column":31}},"40":{"start":{"line":84,"column":12},"end":{"line":86,"column":15}},"41":{"start":{"line":89,"column":12},"end":{"line":89,"column":37}},"42":{"start":{"line":91,"column":12},"end":{"line":94,"column":13}},"43":{"start":{"line":92,"column":14},"end":{"line":92,"column":33}},"44":{"start":{"line":93,"column":14},"end":{"line":93,"column":20}},"45":{"start":{"line":96,"column":12},"end":{"line":96,"column":75}},"46":{"start":{"line":99,"column":12},"end":{"line":99,"column":55}},"47":{"start":{"line":102,"column":12},"end":{"line":102,"column":32}},"48":{"start":{"line":103,"column":12},"end":{"line":103,"column":18}},"49":{"start":{"line":106,"column":12},"end":{"line":106,"column":32}},"50":{"start":{"line":107,"column":12},"end":{"line":107,"column":49}},"51":{"start":{"line":108,"column":12},"end":{"line":108,"column":75}},"52":{"start":{"line":112,"column":12},"end":{"line":112,"column":36}},"53":{"start":{"line":118,"column":2},"end":{"line":120,"column":4}},"54":{"start":{"line":119,"column":4},"end":{"line":119,"column":40}},"55":{"start":{"line":123,"column":0},"end":{"line":123,"column":52}},"56":{"start":{"line":125,"column":33},"end":{"line":169,"column":3}},"57":{"start":{"line":126,"column":14},"end":{"line":164,"column":5}},"58":{"start":{"line":128,"column":4},"end":{"line":163,"column":17}},"59":{"start":{"line":129,"column":6},"end":{"line":162,"column":7}},"60":{"start":{"line":130,"column":8},"end":{"line":161,"column":9}},"61":{"start":{"line":132,"column":12},"end":{"line":132,"column":31}},"62":{"start":{"line":133,"column":12},"end":{"line":135,"column":15}},"63":{"start":{"line":138,"column":12},"end":{"line":138,"column":37}},"64":{"start":{"line":140,"column":12},"end":{"line":143,"column":13}},"65":{"start":{"line":141,"column":14},"end":{"line":141,"column":33}},"66":{"start":{"line":142,"column":14},"end":{"line":142,"column":20}},"67":{"start":{"line":145,"column":12},"end":{"line":145,"column":96}},"68":{"start":{"line":148,"column":12},"end":{"line":148,"column":68}},"69":{"start":{"line":149,"column":12},"end":{"line":149,"column":76}},"70":{"start":{"line":150,"column":12},"end":{"line":150,"column":68}},"71":{"start":{"line":151,"column":12},"end":{"line":151,"column":32}},"72":{"start":{"line":152,"column":12},"end":{"line":152,"column":34}},"73":{"start":{"line":155,"column":12},"end":{"line":155,"column":44}},"74":{"start":{"line":156,"column":12},"end":{"line":156,"column":62}},"75":{"start":{"line":160,"column":12},"end":{"line":160,"column":36}},"76":{"start":{"line":166,"column":2},"end":{"line":168,"column":4}},"77":{"start":{"line":167,"column":4},"end":{"line":167,"column":40}},"78":{"start":{"line":171,"column":0},"end":{"line":171,"column":38}},"79":{"start":{"line":173,"column":33},"end":{"line":217,"column":3}},"80":{"start":{"line":174,"column":14},"end":{"line":212,"column":5}},"81":{"start":{"line":176,"column":4},"end":{"line":211,"column":34}},"82":{"start":{"line":177,"column":6},"end":{"line":210,"column":7}},"83":{"start":{"line":178,"column":8},"end":{"line":209,"column":9}},"84":{"start":{"line":180,"column":12},"end":{"line":180,"column":31}},"85":{"start":{"line":181,"column":12},"end":{"line":181,"column":31}},"86":{"start":{"line":182,"column":12},"end":{"line":182,"column":61}},"87":{"start":{"line":185,"column":12},"end":{"line":185,"column":36}},"88":{"start":{"line":187,"column":12},"end":{"line":190,"column":13}},"89":{"start":{"line":188,"column":14},"end":{"line":188,"column":33}},"90":{"start":{"line":189,"column":14},"end":{"line":189,"column":20}},"91":{"start":{"line":192,"column":12},"end":{"line":192,"column":101}},"92":{"start":{"line":195,"column":12},"end":{"line":195,"column":78}},"93":{"start":{"line":198,"column":12},"end":{"line":198,"column":32}},"94":{"start":{"line":199,"column":12},"end":{"line":199,"column":18}},"95":{"start":{"line":202,"column":12},"end":{"line":202,"column":32}},"96":{"start":{"line":203,"column":12},"end":{"line":203,"column":49}},"97":{"start":{"line":204,"column":12},"end":{"line":204,"column":101}},"98":{"start":{"line":208,"column":12},"end":{"line":208,"column":36}},"99":{"start":{"line":214,"column":2},"end":{"line":216,"column":4}},"100":{"start":{"line":215,"column":4},"end":{"line":215,"column":40}},"101":{"start":{"line":219,"column":0},"end":{"line":219,"column":38}}},"fnMap":{"0":{"name":"(anonymous_0)","decl":{"start":{"line":16,"column":40},"end":{"line":16,"column":41}},"loc":{"start":{"line":16,"column":52},"end":{"line":42,"column":1}},"line":16},"1":{"name":"_callee","decl":{"start":{"line":17,"column":100},"end":{"line":17,"column":107}},"loc":{"start":{"line":17,"column":114},"end":{"line":37,"column":3}},"line":17},"2":{"name":"_callee$","decl":{"start":{"line":19,"column":49},"end":{"line":19,"column":57}},"loc":{"start":{"line":19,"column":68},"end":{"line":36,"column":5}},"line":19},"3":{"name":"createArticleService","decl":{"start":{"line":39,"column":18},"end":{"line":39,"column":38}},"loc":{"start":{"line":39,"column":43},"end":{"line":41,"column":3}},"line":39},"4":{"name":"(anonymous_4)","decl":{"start":{"line":46,"column":41},"end":{"line":46,"column":42}},"loc":{"start":{"line":46,"column":53},"end":{"line":71,"column":1}},"line":46},"5":{"name":"_callee2","decl":{"start":{"line":47,"column":101},"end":{"line":47,"column":109}},"loc":{"start":{"line":47,"column":112},"end":{"line":66,"column":3}},"line":47},"6":{"name":"_callee2$","decl":{"start":{"line":49,"column":49},"end":{"line":49,"column":58}},"loc":{"start":{"line":49,"column":70},"end":{"line":65,"column":5}},"line":49},"7":{"name":"getAllArticlesService","decl":{"start":{"line":68,"column":18},"end":{"line":68,"column":39}},"loc":{"start":{"line":68,"column":42},"end":{"line":70,"column":3}},"line":68},"8":{"name":"(anonymous_8)","decl":{"start":{"line":75,"column":40},"end":{"line":75,"column":41}},"loc":{"start":{"line":75,"column":52},"end":{"line":121,"column":1}},"line":75},"9":{"name":"_callee3","decl":{"start":{"line":76,"column":101},"end":{"line":76,"column":109}},"loc":{"start":{"line":76,"column":114},"end":{"line":116,"column":3}},"line":76},"10":{"name":"_callee3$","decl":{"start":{"line":78,"column":49},"end":{"line":78,"column":58}},"loc":{"start":{"line":78,"column":70},"end":{"line":115,"column":5}},"line":78},"11":{"name":"getOneArticleService","decl":{"start":{"line":118,"column":18},"end":{"line":118,"column":38}},"loc":{"start":{"line":118,"column":44},"end":{"line":120,"column":3}},"line":118},"12":{"name":"(anonymous_12)","decl":{"start":{"line":125,"column":33},"end":{"line":125,"column":34}},"loc":{"start":{"line":125,"column":45},"end":{"line":169,"column":1}},"line":125},"13":{"name":"_callee4","decl":{"start":{"line":126,"column":101},"end":{"line":126,"column":109}},"loc":{"start":{"line":126,"column":120},"end":{"line":164,"column":3}},"line":126},"14":{"name":"_callee4$","decl":{"start":{"line":128,"column":49},"end":{"line":128,"column":58}},"loc":{"start":{"line":128,"column":70},"end":{"line":163,"column":5}},"line":128},"15":{"name":"updateArticle","decl":{"start":{"line":166,"column":18},"end":{"line":166,"column":31}},"loc":{"start":{"line":166,"column":42},"end":{"line":168,"column":3}},"line":166},"16":{"name":"(anonymous_16)","decl":{"start":{"line":173,"column":33},"end":{"line":173,"column":34}},"loc":{"start":{"line":173,"column":45},"end":{"line":217,"column":1}},"line":173},"17":{"name":"_callee5","decl":{"start":{"line":174,"column":101},"end":{"line":174,"column":109}},"loc":{"start":{"line":174,"column":114},"end":{"line":212,"column":3}},"line":174},"18":{"name":"_callee5$","decl":{"start":{"line":176,"column":49},"end":{"line":176,"column":58}},"loc":{"start":{"line":176,"column":70},"end":{"line":211,"column":5}},"line":176},"19":{"name":"deleteArticle","decl":{"start":{"line":214,"column":18},"end":{"line":214,"column":31}},"loc":{"start":{"line":214,"column":37},"end":{"line":216,"column":3}},"line":214}},"branchMap":{"0":{"loc":{"start":{"line":21,"column":8},"end":{"line":34,"column":9}},"type":"switch","locations":[{"start":{"line":22,"column":10},"end":{"line":24,"column":50}},{"start":{"line":26,"column":10},"end":{"line":29,"column":54}},{"start":{"line":31,"column":10},"end":{"line":31,"column":17}},{"start":{"line":32,"column":10},"end":{"line":33,"column":35}}],"line":21},"1":{"loc":{"start":{"line":51,"column":8},"end":{"line":63,"column":9}},"type":"switch","locations":[{"start":{"line":52,"column":10},"end":{"line":54,"column":46}},{"start":{"line":56,"column":10},"end":{"line":58,"column":56}},{"start":{"line":60,"column":10},"end":{"line":60,"column":17}},{"start":{"line":61,"column":10},"end":{"line":62,"column":36}}],"line":51},"2":{"loc":{"start":{"line":80,"column":8},"end":{"line":113,"column":9}},"type":"switch","locations":[{"start":{"line":81,"column":10},"end":{"line":86,"column":15}},{"start":{"line":88,"column":10},"end":{"line":96,"column":75}},{"start":{"line":98,"column":10},"end":{"line":99,"column":55}},{"start":{"line":101,"column":10},"end":{"line":103,"column":18}},{"start":{"line":105,"column":10},"end":{"line":108,"column":75}},{"start":{"line":110,"column":10},"end":{"line":110,"column":18}},{"start":{"line":111,"column":10},"end":{"line":112,"column":36}}],"line":80},"3":{"loc":{"start":{"line":91,"column":12},"end":{"line":94,"column":13}},"type":"if","locations":[{"start":{"line":91,"column":12},"end":{"line":94,"column":13}},{"start":{"line":91,"column":12},"end":{"line":94,"column":13}}],"line":91},"4":{"loc":{"start":{"line":130,"column":8},"end":{"line":161,"column":9}},"type":"switch","locations":[{"start":{"line":131,"column":10},"end":{"line":135,"column":15}},{"start":{"line":137,"column":10},"end":{"line":145,"column":96}},{"start":{"line":147,"column":10},"end":{"line":152,"column":34}},{"start":{"line":154,"column":10},"end":{"line":156,"column":62}},{"start":{"line":158,"column":10},"end":{"line":158,"column":18}},{"start":{"line":159,"column":10},"end":{"line":160,"column":36}}],"line":130},"5":{"loc":{"start":{"line":140,"column":12},"end":{"line":143,"column":13}},"type":"if","locations":[{"start":{"line":140,"column":12},"end":{"line":143,"column":13}},{"start":{"line":140,"column":12},"end":{"line":143,"column":13}}],"line":140},"6":{"loc":{"start":{"line":148,"column":28},"end":{"line":148,"column":67}},"type":"cond-expr","locations":[{"start":{"line":148,"column":41},"end":{"line":148,"column":51}},{"start":{"line":148,"column":54},"end":{"line":148,"column":67}}],"line":148},"7":{"loc":{"start":{"line":149,"column":30},"end":{"line":149,"column":75}},"type":"cond-expr","locations":[{"start":{"line":149,"column":45},"end":{"line":149,"column":57}},{"start":{"line":149,"column":60},"end":{"line":149,"column":75}}],"line":149},"8":{"loc":{"start":{"line":150,"column":28},"end":{"line":150,"column":67}},"type":"cond-expr","locations":[{"start":{"line":150,"column":41},"end":{"line":150,"column":51}},{"start":{"line":150,"column":54},"end":{"line":150,"column":67}}],"line":150},"9":{"loc":{"start":{"line":178,"column":8},"end":{"line":209,"column":9}},"type":"switch","locations":[{"start":{"line":179,"column":10},"end":{"line":182,"column":61}},{"start":{"line":184,"column":10},"end":{"line":192,"column":101}},{"start":{"line":194,"column":10},"end":{"line":195,"column":78}},{"start":{"line":197,"column":10},"end":{"line":199,"column":18}},{"start":{"line":201,"column":10},"end":{"line":204,"column":101}},{"start":{"line":206,"column":10},"end":{"line":206,"column":18}},{"start":{"line":207,"column":10},"end":{"line":208,"column":36}}],"line":178},"10":{"loc":{"start":{"line":187,"column":12},"end":{"line":190,"column":13}},"type":"if","locations":[{"start":{"line":187,"column":12},"end":{"line":190,"column":13}},{"start":{"line":187,"column":12},"end":{"line":190,"column":13}}],"line":187}},"s":{"0":1,"1":1,"2":1,"3":1,"4":1,"5":1,"6":1,"7":1,"8":0,"9":0,"10":0,"11":0,"12":0,"13":0,"14":0,"15":0,"16":0,"17":1,"18":0,"19":1,"20":1,"21":1,"22":0,"23":0,"24":0,"25":0,"26":0,"27":0,"28":0,"29":0,"30":1,"31":0,"32":1,"33":1,"34":1,"35":0,"36":0,"37":0,"38":0,"39":0,"40":0,"41":0,"42":0,"43":0,"44":0,"45":0,"46":0,"47":0,"48":0,"49":0,"50":0,"51":0,"52":0,"53":1,"54":0,"55":1,"56":1,"57":1,"58":0,"59":0,"60":0,"61":0,"62":0,"63":0,"64":0,"65":0,"66":0,"67":0,"68":0,"69":0,"70":0,"71":0,"72":0,"73":0,"74":0,"75":0,"76":1,"77":0,"78":1,"79":1,"80":1,"81":0,"82":0,"83":0,"84":0,"85":0,"86":0,"87":0,"88":0,"89":0,"90":0,"91":0,"92":0,"93":0,"94":0,"95":0,"96":0,"97":0,"98":0,"99":1,"100":0,"101":1},"f":{"0":1,"1":0,"2":0,"3":0,"4":1,"5":0,"6":0,"7":0,"8":1,"9":0,"10":0,"11":0,"12":1,"13":0,"14":0,"15":0,"16":1,"17":0,"18":0,"19":0},"b":{"0":[0,0,0,0],"1":[0,0,0,0],"2":[0,0,0,0,0,0,0],"3":[0,0],"4":[0,0,0,0,0,0],"5":[0,0],"6":[0,0],"7":[0,0],"8":[0,0],"9":[0,0,0,0,0,0,0],"10":[0,0]},"inputSourceMap":{"version":3,"sources":["articleServices.js"],"names":["createArticleService","data","article","save","getAllArticlesService","Article","find","articles","getOneArticleService","id","findOne","_id","updateArticle","title","content","image","updatedArticle","deleteArticle","findByIdAndDelete","result"],"mappings":";;;;;;;;;;;;;AAAA;;AAEO,IAAMA,oBAAoB;AAAA,2FAAG,iBAAOC,IAAP;AAAA;AAAA;AAAA;AAAA;AAAA;AAAA;AAAA,mBACV,yBAAQA,IAAR,CADU;;AAAA;AAC1BC,YAAAA,OAD0B;AAEhCA,YAAAA,OAAO,CAACC,IAAR;AAFgC,6CAGzBD,OAHyB;;AAAA;AAAA;AAAA;AAAA;AAAA;AAAA;AAAA,GAAH;;AAAA,kBAApBF,oBAAoB;AAAA;AAAA;AAAA,GAA1B;;;;AAMA,IAAMI,qBAAqB;AAAA,4FAAG;AAAA;AAAA;AAAA;AAAA;AAAA;AAAA;AAAA,mBACVC,oBAAQC,IAAR,EADU;;AAAA;AAC3BC,YAAAA,QAD2B;AAAA,8CAE1BA,QAF0B;;AAAA;AAAA;AAAA;AAAA;AAAA;AAAA;AAAA,GAAH;;AAAA,kBAArBH,qBAAqB;AAAA;AAAA;AAAA,GAA3B;;;;AAKA,IAAMI,oBAAoB;AAAA,4FAAG,kBAAOC,EAAP;AAAA;AAAA;AAAA;AAAA;AAAA;AAAA;AAAA;AAAA,mBAENJ,oBAAQK,OAAR,CAAgB;AAAEC,cAAAA,GAAG,EAAEF;AAAP,aAAhB,CAFM;;AAAA;AAEtBP,YAAAA,OAFsB;;AAAA,gBAGvBA,OAHuB;AAAA;AAAA;AAAA;;AAAA,8CAIjB,2BAJiB;;AAAA;AAAA,8CAMjBA,OANiB;;AAAA;AAAA;AAAA;;AAAA;AAAA;AAAA;AAAA,8CASrB,2BATqB;;AAAA;AAAA;AAAA;AAAA;AAAA;AAAA;AAAA,GAAH;;AAAA,kBAApBM,oBAAoB;AAAA;AAAA;AAAA,GAA1B;;;;AAcA,IAAMI,aAAa;AAAA,4FAAG,kBAAOH,EAAP,EAAWR,IAAX;AAAA;AAAA;AAAA;AAAA;AAAA;AAAA;AAAA,mBACHI,oBAAQK,OAAR,CAAgB;AAAEC,cAAAA,GAAG,EAAEF;AAAP,aAAhB,CADG;;AAAA;AACnBP,YAAAA,OADmB;;AAAA,gBAEpBA,OAFoB;AAAA;AAAA;AAAA;;AAAA,yEAGMO,EAHN;;AAAA;AAKrBP,YAAAA,OAAO,CAACW,KAAR,GAAgBZ,IAAI,CAACY,KAAL,GAAaZ,IAAI,CAACY,KAAlB,GAA0BX,OAAO,CAACW,KAAlD;AACAX,YAAAA,OAAO,CAACY,OAAR,GAAkBb,IAAI,CAACa,OAAL,GAAeb,IAAI,CAACa,OAApB,GAA8BZ,OAAO,CAACY,OAAxD;AACAZ,YAAAA,OAAO,CAACa,KAAR,GAAgBd,IAAI,CAACc,KAAL,GAAad,IAAI,CAACc,KAAlB,GAA0Bb,OAAO,CAACa,KAAlD;AAPqB;AAAA,mBAQQb,OAAO,CAACC,IAAR,EARR;;AAAA;AAQfa,YAAAA,cARe;AAAA,8CASdA,cATc;;AAAA;AAAA;AAAA;AAAA;AAAA;AAAA;AAAA,GAAH;;AAAA,kBAAbJ,aAAa;AAAA;AAAA;AAAA,GAAnB;;;;AAaA,IAAMK,aAAa;AAAA,4FAAG,kBAAOR,EAAP;AAAA;AAAA;AAAA;AAAA;AAAA;AAAA;AAAA;AAAA,mBAEAJ,oBAAQa,iBAAR,CAA0BT,EAA1B,CAFA;;AAAA;AAEfU,YAAAA,MAFe;;AAAA,gBAGhBA,MAHgB;AAAA;AAAA;AAAA;;AAAA,8CAIV,qDAJU;;AAAA;AAAA,8CAMV,8BANU;;AAAA;AAAA;AAAA;;AAAA;AAAA;AAAA;AAAA,8CASd,qDATc;;AAAA;AAAA;AAAA;AAAA;AAAA;AAAA;AAAA,GAAH;;AAAA,kBAAbF,aAAa;AAAA;AAAA;AAAA,GAAnB","sourceRoot":"D:\\Projects\\learn-node-js\\src\\services\\","sourcesContent":["import Article from \"../models/article.js\";\r\n\r\nexport const createArticleService = async (data) => {\r\n    const article = await Article(data)\r\n    article.save()\r\n    return article\r\n}\r\n\r\nexport const getAllArticlesService = async () => {\r\n    const articles = await Article.find()\r\n    return articles\r\n}\r\n\r\nexport const getOneArticleService = async (id) => {\r\n    try {\r\n        const article = await Article.findOne({ _id: id })\r\n        if (!article) {\r\n            return \"article article not found\"\r\n        } else {\r\n            return article\r\n        }\r\n    } catch (error) {\r\n        return \"article article not found\"\r\n    }\r\n\r\n}\r\n\r\nexport const updateArticle = async (id, data) => {\r\n    const article = await Article.findOne({ _id: id });\r\n    if (!article) {\r\n        return `Article with id: ${id} doesn't exist`\r\n    } else {\r\n        article.title = data.title ? data.title : article.title\r\n        article.content = data.content ? data.content : article.content\r\n        article.image = data.image ? data.image : article.image\r\n        const updatedArticle = await article.save()\r\n        return updatedArticle\r\n    }\r\n}\r\n\r\nexport const deleteArticle = async (id) => {\r\n    try {\r\n        const result = await Article.findByIdAndDelete(id)\r\n        if (!result) {\r\n            return \"the article you are trying to delete does not exist\"\r\n        } else {\r\n            return \"Article deleted successfully\"\r\n        }\r\n    } catch (error) {\r\n        return \"the article you are trying to delete does not exist\"\r\n    }\r\n\r\n}"]},"_coverageSchema":"1a1c01bbd47fc00a2c39e90264f33305004495a9","hash":"83baa05c83e70fd9eece464e0e83299918fc0c88","contentHash":"22cd13f81d6754417142e9f9b18e4b40901370b245a9f7f87018e202d2f7b6ec"},"D:\\Projects\\learn-node-js\\src\\models\\article.js":{"path":"D:\\Projects\\learn-node-js\\src\\models\\article.js","statementMap":{"0":{"start":{"line":3,"column":29},"end":{"line":3,"column":84}},"1":{"start":{"line":5,"column":0},"end":{"line":7,"column":3}},"2":{"start":{"line":8,"column":0},"end":{"line":8,"column":28}},"3":{"start":{"line":10,"column":16},"end":{"line":10,"column":59}},"4":{"start":{"line":12,"column":13},"end":{"line":17,"column":2}},"5":{"start":{"line":19,"column":15},"end":{"line":19,"column":60}},"6":{"start":{"line":21,"column":0},"end":{"line":21,"column":30}}},"fnMap":{},"branchMap":{},"s":{"0":1,"1":1,"2":1,"3":1,"4":1,"5":1,"6":1},"f":{},"b":{},"inputSourceMap":{"version":3,"sources":["article.js"],"names":["schema","mongoose","Schema","title","String","content","image","create_at","Date","model"],"mappings":";;;;;;;;;AAAA;;AAEA,IAAMA,MAAM,GAAGC,qBAASC,MAAT,CAAgB;AAC3BC,EAAAA,KAAK,EAAEC,MADoB;AAE3BC,EAAAA,OAAO,EAAED,MAFkB;AAG3BE,EAAAA,KAAK,EAAEF,MAHoB;AAI3BG,EAAAA,SAAS,EAAEC;AAJgB,CAAhB,CAAf;;eAOeP,qBAASQ,KAAT,CAAe,SAAf,EAA0BT,MAA1B,C","sourceRoot":"D:\\Projects\\learn-node-js\\src\\models\\","sourcesContent":["import mongoose from \"mongoose\"\r\n\r\nconst schema = mongoose.Schema({\r\n    title: String,\r\n    content: String,\r\n    image: String,\r\n    create_at: Date\r\n})\r\n\r\nexport default mongoose.model(\"Article\", schema)"]},"_coverageSchema":"1a1c01bbd47fc00a2c39e90264f33305004495a9","hash":"1cdc1002c3f871d8076aca1c1856ee1380be483a","contentHash":"216ef8582d550d99eeee22384e3e2fff3bd23424c0d78df77f7a21691184f1ab"},"D:\\Projects\\learn-node-js\\src\\helpers\\fileUpload.js":{"path":"D:\\Projects\\learn-node-js\\src\\helpers\\fileUpload.js","statementMap":{"0":{"start":{"line":3,"column":29},"end":{"line":3,"column":84}},"1":{"start":{"line":5,"column":0},"end":{"line":7,"column":3}},"2":{"start":{"line":8,"column":0},"end":{"line":8,"column":28}},"3":{"start":{"line":10,"column":19},"end":{"line":10,"column":80}},"4":{"start":{"line":12,"column":25},"end":{"line":12,"column":99}},"5":{"start":{"line":14,"column":18},"end":{"line":14,"column":63}},"6":{"start":{"line":16,"column":30},"end":{"line":72,"column":3}},"7":{"start":{"line":17,"column":13},"end":{"line":67,"column":5}},"8":{"start":{"line":19,"column":4},"end":{"line":66,"column":17}},"9":{"start":{"line":20,"column":6},"end":{"line":65,"column":7}},"10":{"start":{"line":21,"column":8},"end":{"line":64,"column":9}},"11":{"start":{"line":23,"column":12},"end":{"line":23,"column":26}},"12":{"start":{"line":25,"column":12},"end":{"line":30,"column":15}},"13":{"start":{"line":32,"column":12},"end":{"line":32,"column":31}},"14":{"start":{"line":33,"column":12},"end":{"line":56,"column":17}},"15":{"start":{"line":34,"column":26},"end":{"line":51,"column":17}},"16":{"start":{"line":35,"column":16},"end":{"line":50,"column":28}},"17":{"start":{"line":36,"column":18},"end":{"line":49,"column":19}},"18":{"start":{"line":37,"column":20},"end":{"line":48,"column":21}},"19":{"start":{"line":39,"column":24},"end":{"line":41,"column":25}},"20":{"start":{"line":40,"column":26},"end":{"line":40,"column":44}},"21":{"start":{"line":43,"column":24},"end":{"line":43,"column":45}},"22":{"start":{"line":47,"column":24},"end":{"line":47,"column":47}},"23":{"start":{"line":53,"column":14},"end":{"line":55,"column":16}},"24":{"start":{"line":54,"column":16},"end":{"line":54,"column":52}},"25":{"start":{"line":59,"column":12},"end":{"line":59,"column":56}},"26":{"start":{"line":63,"column":12},"end":{"line":63,"column":36}},"27":{"start":{"line":69,"column":2},"end":{"line":71,"column":4}},"28":{"start":{"line":70,"column":4},"end":{"line":70,"column":39}},"29":{"start":{"line":74,"column":0},"end":{"line":74,"column":32}}},"fnMap":{"0":{"name":"(anonymous_0)","decl":{"start":{"line":16,"column":30},"end":{"line":16,"column":31}},"loc":{"start":{"line":16,"column":42},"end":{"line":72,"column":1}},"line":16},"1":{"name":"_callee2","decl":{"start":{"line":17,"column":100},"end":{"line":17,"column":108}},"loc":{"start":{"line":17,"column":114},"end":{"line":67,"column":3}},"line":17},"2":{"name":"_callee2$","decl":{"start":{"line":19,"column":49},"end":{"line":19,"column":58}},"loc":{"start":{"line":19,"column":70},"end":{"line":66,"column":5}},"line":19},"3":{"name":"(anonymous_3)","decl":{"start":{"line":33,"column":89},"end":{"line":33,"column":90}},"loc":{"start":{"line":33,"column":101},"end":{"line":56,"column":13}},"line":33},"4":{"name":"_callee","decl":{"start":{"line":34,"column":113},"end":{"line":34,"column":120}},"loc":{"start":{"line":34,"column":133},"end":{"line":51,"column":15}},"line":34},"5":{"name":"_callee$","decl":{"start":{"line":35,"column":61},"end":{"line":35,"column":69}},"loc":{"start":{"line":35,"column":80},"end":{"line":50,"column":17}},"line":35},"6":{"name":"(anonymous_6)","decl":{"start":{"line":53,"column":21},"end":{"line":53,"column":22}},"loc":{"start":{"line":53,"column":41},"end":{"line":55,"column":15}},"line":53},"7":{"name":"uploadFile","decl":{"start":{"line":69,"column":18},"end":{"line":69,"column":28}},"loc":{"start":{"line":69,"column":33},"end":{"line":71,"column":3}},"line":69}},"branchMap":{"0":{"loc":{"start":{"line":21,"column":8},"end":{"line":64,"column":9}},"type":"switch","locations":[{"start":{"line":22,"column":10},"end":{"line":56,"column":17}},{"start":{"line":58,"column":10},"end":{"line":59,"column":56}},{"start":{"line":61,"column":10},"end":{"line":61,"column":17}},{"start":{"line":62,"column":10},"end":{"line":63,"column":36}}],"line":21},"1":{"loc":{"start":{"line":37,"column":20},"end":{"line":48,"column":21}},"type":"switch","locations":[{"start":{"line":38,"column":22},"end":{"line":43,"column":45}},{"start":{"line":45,"column":22},"end":{"line":45,"column":29}},{"start":{"line":46,"column":22},"end":{"line":47,"column":47}}],"line":37},"2":{"loc":{"start":{"line":39,"column":24},"end":{"line":41,"column":25}},"type":"if","locations":[{"start":{"line":39,"column":24},"end":{"line":41,"column":25}},{"start":{"line":39,"column":24},"end":{"line":41,"column":25}}],"line":39}},"s":{"0":1,"1":1,"2":1,"3":1,"4":1,"5":1,"6":1,"7":1,"8":0,"9":0,"10":0,"11":0,"12":0,"13":0,"14":0,"15":0,"16":0,"17":0,"18":0,"19":0,"20":0,"21":0,"22":0,"23":0,"24":0,"25":0,"26":0,"27":1,"28":0,"29":1},"f":{"0":1,"1":0,"2":0,"3":0,"4":0,"5":0,"6":0,"7":0},"b":{"0":[0,0,0,0],"1":[0,0,0],"2":[0,0]},"inputSourceMap":{"version":3,"sources":["fileUpload.js"],"names":["uploadFile","req","imageUrl","cloudinary","config","cloud_name","process","env","CLOUD_NAME","api_key","CLOUD_API_KEY","api_secret","CLOUD_API_SECRET","secure","v2","uploader","upload","file","path","err","image","console","warn","url"],"mappings":";;;;;;;;;;;;;AAAA;;AACO,IAAMA,UAAU;AAAA,2FAAG,kBAAOC,GAAP;AAAA;AAAA;AAAA;AAAA;AAAA;AACpBC,YAAAA,QADoB,GACT,EADS;;AAExBC,mCAAWC,MAAX,CAAkB;AAChBC,cAAAA,UAAU,EAAEC,OAAO,CAACC,GAAR,CAAYC,UADR;AAEhBC,cAAAA,OAAO,EAAEH,OAAO,CAACC,GAAR,CAAYG,aAFL;AAGhBC,cAAAA,UAAU,EAAEL,OAAO,CAACC,GAAR,CAAYK,gBAHR;AAIhBC,cAAAA,MAAM,EAAE;AAJQ,aAAlB;;AAFwB;AAAA,mBAQlBV,uBAAWW,EAAX,CAAcC,QAAd,CAAuBC,MAAvB,CACJf,GAAG,CAACgB,IAAJ,CAASC,IADL;AAAA,wGAEJ,iBAAgBC,GAAhB,EAAqBC,KAArB;AAAA;AAAA;AAAA;AAAA;AACE,4BAAID,GAAJ,EAAS;AACPE,0BAAAA,OAAO,CAACC,IAAR,CAAaH,GAAb;AACD;;AACDjB,wBAAAA,QAAQ,GAAGkB,KAAK,CAACG,GAAjB;;AAJF;AAAA;AAAA;AAAA;AAAA;AAAA;AAAA,eAFI;;AAAA;AAAA;AAAA;AAAA,gBARkB;;AAAA;AAAA,8CAiBjBrB,QAjBiB;;AAAA;AAAA;AAAA;AAAA;AAAA;AAAA;AAAA,GAAH;;AAAA,kBAAVF,UAAU;AAAA;AAAA;AAAA,GAAhB","sourceRoot":"D:\\Projects\\learn-node-js\\src\\helpers\\","sourcesContent":["import cloudinary from \"cloudinary\";\r\nexport const uploadFile = async (req) => {\r\n  let imageUrl = \"\";\r\n  cloudinary.config({\r\n    cloud_name: process.env.CLOUD_NAME,\r\n    api_key: process.env.CLOUD_API_KEY,\r\n    api_secret: process.env.CLOUD_API_SECRET,\r\n    secure: true,\r\n  });\r\n  await cloudinary.v2.uploader.upload(\r\n    req.file.path,\r\n    async function (err, image) {\r\n      if (err) {\r\n        console.warn(err);\r\n      }\r\n      imageUrl = image.url;\r\n    }\r\n  );\r\n  return imageUrl;\r\n};\r\n"]},"_coverageSchema":"1a1c01bbd47fc00a2c39e90264f33305004495a9","hash":"9da706ea7903b0505ac53adb2d5ef25868778310","contentHash":"3d0768242a2979a22e25d9cf4d7cdb96b76ffd3f84f6513682891b4011a07941"},"D:\\Projects\\learn-node-js\\src\\helpers\\fileFilter.js":{"path":"D:\\Projects\\learn-node-js\\src\\helpers\\fileFilter.js","statementMap":{"0":{"start":{"line":3,"column":0},"end":{"line":5,"column":3}},"1":{"start":{"line":6,"column":0},"end":{"line":6,"column":28}},"2":{"start":{"line":8,"column":17},"end":{"line":14,"column":1}},"3":{"start":{"line":9,"column":2},"end":{"line":13,"column":3}},"4":{"start":{"line":10,"column":4},"end":{"line":10,"column":19}},"5":{"start":{"line":12,"column":4},"end":{"line":12,"column":37}},"6":{"start":{"line":16,"column":0},"end":{"line":16,"column":32}}},"fnMap":{"0":{"name":"fileFilter","decl":{"start":{"line":8,"column":26},"end":{"line":8,"column":36}},"loc":{"start":{"line":8,"column":52},"end":{"line":14,"column":1}},"line":8}},"branchMap":{"0":{"loc":{"start":{"line":9,"column":2},"end":{"line":13,"column":3}},"type":"if","locations":[{"start":{"line":9,"column":2},"end":{"line":13,"column":3}},{"start":{"line":9,"column":2},"end":{"line":13,"column":3}}],"line":9}},"s":{"0":1,"1":1,"2":1,"3":0,"4":0,"5":0,"6":1},"f":{"0":0},"b":{"0":[0,0]},"inputSourceMap":{"version":3,"sources":["fileFilter.js"],"names":["fileFilter","req","file","cb","mimetype","startsWith"],"mappings":";;;;;;;AAAO,IAAMA,UAAU,GAAG,SAAbA,UAAa,CAACC,GAAD,EAAMC,IAAN,EAAYC,EAAZ,EAAmB;AACzC,MAAID,IAAI,CAACE,QAAL,CAAcC,UAAd,CAAyB,OAAzB,CAAJ,EAAuC;AACnCF,IAAAA,EAAE,CAAC,IAAD,EAAO,IAAP,CAAF;AACH,GAFD,MAEO;AACHA,IAAAA,EAAE,CAAC,qBAAD,EAAwB,KAAxB,CAAF;AACH;AACJ,CANM","sourceRoot":"D:\\Projects\\learn-node-js\\src\\helpers\\","sourcesContent":["export const fileFilter = (req, file, cb) => {\r\n    if (file.mimetype.startsWith('image')) {\r\n        cb(null, true);\r\n    } else {\r\n        cb('invalid image file!', false);\r\n    }\r\n};"]},"_coverageSchema":"1a1c01bbd47fc00a2c39e90264f33305004495a9","hash":"8349d9e0a99e9a9f1b6abc73203fa1c1e80c5663","contentHash":"3ac6b7de134b2dd760fb2e660df75f9bbfacd203e11bb34abb48e758510f9e93"},"D:\\Projects\\learn-node-js\\src\\middlewares\\authenticate.js":{"path":"D:\\Projects\\learn-node-js\\src\\middlewares\\authenticate.js","statementMap":{"0":{"start":{"line":3,"column":29},"end":{"line":3,"column":84}},"1":{"start":{"line":5,"column":0},"end":{"line":7,"column":3}},"2":{"start":{"line":8,"column":0},"end":{"line":8,"column":30}},"3":{"start":{"line":10,"column":19},"end":{"line":10,"column":80}},"4":{"start":{"line":12,"column":25},"end":{"line":12,"column":99}},"5":{"start":{"line":14,"column":0},"end":{"line":14,"column":25}},"6":{"start":{"line":16,"column":20},"end":{"line":16,"column":67}},"7":{"start":{"line":18,"column":32},"end":{"line":54,"column":3}},"8":{"start":{"line":19,"column":13},"end":{"line":49,"column":5}},"9":{"start":{"line":21,"column":4},"end":{"line":48,"column":32}},"10":{"start":{"line":22,"column":6},"end":{"line":47,"column":7}},"11":{"start":{"line":23,"column":8},"end":{"line":46,"column":9}},"12":{"start":{"line":25,"column":12},"end":{"line":25,"column":30}},"13":{"start":{"line":26,"column":12},"end":{"line":26,"column":60}},"14":{"start":{"line":27,"column":12},"end":{"line":27,"column":30}},"15":{"start":{"line":28,"column":12},"end":{"line":28,"column":83}},"16":{"start":{"line":31,"column":12},"end":{"line":31,"column":19}},"17":{"start":{"line":32,"column":12},"end":{"line":32,"column":31}},"18":{"start":{"line":33,"column":12},"end":{"line":33,"column":18}},"19":{"start":{"line":36,"column":12},"end":{"line":36,"column":30}},"20":{"start":{"line":37,"column":12},"end":{"line":37,"column":47}},"21":{"start":{"line":38,"column":12},"end":{"line":41,"column":16}},"22":{"start":{"line":45,"column":12},"end":{"line":45,"column":35}},"23":{"start":{"line":51,"column":2},"end":{"line":53,"column":4}},"24":{"start":{"line":52,"column":4},"end":{"line":52,"column":39}},"25":{"start":{"line":56,"column":0},"end":{"line":56,"column":36}}},"fnMap":{"0":{"name":"(anonymous_0)","decl":{"start":{"line":18,"column":32},"end":{"line":18,"column":33}},"loc":{"start":{"line":18,"column":44},"end":{"line":54,"column":1}},"line":18},"1":{"name":"_callee","decl":{"start":{"line":19,"column":100},"end":{"line":19,"column":107}},"loc":{"start":{"line":19,"column":124},"end":{"line":49,"column":3}},"line":19},"2":{"name":"_callee$","decl":{"start":{"line":21,"column":49},"end":{"line":21,"column":57}},"loc":{"start":{"line":21,"column":68},"end":{"line":48,"column":5}},"line":21},"3":{"name":"authenticate","decl":{"start":{"line":51,"column":18},"end":{"line":51,"column":30}},"loc":{"start":{"line":51,"column":45},"end":{"line":53,"column":3}},"line":51}},"branchMap":{"0":{"loc":{"start":{"line":23,"column":8},"end":{"line":46,"column":9}},"type":"switch","locations":[{"start":{"line":24,"column":10},"end":{"line":28,"column":83}},{"start":{"line":30,"column":10},"end":{"line":33,"column":18}},{"start":{"line":35,"column":10},"end":{"line":41,"column":16}},{"start":{"line":43,"column":10},"end":{"line":43,"column":18}},{"start":{"line":44,"column":10},"end":{"line":45,"column":35}}],"line":23}},"s":{"0":1,"1":1,"2":1,"3":1,"4":1,"5":1,"6":1,"7":1,"8":1,"9":0,"10":0,"11":0,"12":0,"13":0,"14":0,"15":0,"16":0,"17":0,"18":0,"19":0,"20":0,"21":0,"22":0,"23":1,"24":0,"25":1},"f":{"0":1,"1":0,"2":0,"3":0},"b":{"0":[0,0,0,0,0]},"inputSourceMap":{"version":3,"sources":["authenticate.js"],"names":["authenticate","req","res","next","token","headers","authorization","split","jwt","verify","process","env","JWT_SECRETE","status","json","error"],"mappings":";;;;;;;;;;;;;AAAA;;AACA;;AAEO,IAAMA,YAAY;AAAA,2FAAG,iBAAOC,GAAP,EAAYC,GAAZ,EAAiBC,IAAjB;AAAA;AAAA;AAAA;AAAA;AAAA;AAAA;AAEdC,YAAAA,KAFc,GAENH,GAAG,CAACI,OAAJ,CAAYC,aAAZ,CAA0BC,KAA1B,CAAgC,GAAhC,EAAqC,CAArC,CAFM;AAAA;AAAA,mBAGdC,yBAAIC,MAAJ,CAAWL,KAAX,EAAkBM,OAAO,CAACC,GAAR,CAAYC,WAA9B,CAHc;;AAAA;AAIpBT,YAAAA,IAAI;AAJgB;AAAA;;AAAA;AAAA;AAAA;AAAA,6CAMbD,GAAG,CAACW,MAAJ,CAAW,GAAX,EAAgBC,IAAhB,CAAqB;AACxBD,cAAAA,MAAM,EAAE,GADgB;AAExBE,cAAAA,KAAK,EAAE;AAFiB,aAArB,CANa;;AAAA;AAAA;AAAA;AAAA;AAAA;AAAA;AAAA,GAAH;;AAAA,kBAAZf,YAAY;AAAA;AAAA;AAAA,GAAlB","sourceRoot":"D:\\Projects\\learn-node-js\\src\\middlewares\\","sourcesContent":["import 'dotenv/config';\r\nimport jwt from 'jsonwebtoken';\r\n\r\nexport const authenticate = async (req, res, next) => {\r\n    try {\r\n        const token = req.headers.authorization.split(' ')[1]\r\n        await jwt.verify(token, process.env.JWT_SECRETE);\r\n        next();\r\n    } catch (error) {\r\n        return res.status(401).json({\r\n            status: 401,\r\n            error: \"Please login it seems you are not loged in\"\r\n        })\r\n    }\r\n}"]},"_coverageSchema":"1a1c01bbd47fc00a2c39e90264f33305004495a9","hash":"14faab29a262857486fce103ded1657f83078780","contentHash":"d0117761adbc26f3b5a037490733dee295068414e5e78cabd94e39c95ff83ca3"},"D:\\Projects\\learn-node-js\\src\\validations\\articleValidation\\article.validation.js":{"path":"D:\\Projects\\learn-node-js\\src\\validations\\articleValidation\\article.validation.js","statementMap":{"0":{"start":{"line":3,"column":29},"end":{"line":3,"column":84}},"1":{"start":{"line":5,"column":0},"end":{"line":7,"column":3}},"2":{"start":{"line":8,"column":0},"end":{"line":8,"column":35}},"3":{"start":{"line":10,"column":19},"end":{"line":10,"column":80}},"4":{"start":{"line":12,"column":25},"end":{"line":12,"column":99}},"5":{"start":{"line":14,"column":21},"end":{"line":14,"column":51}},"6":{"start":{"line":16,"column":37},"end":{"line":49,"column":3}},"7":{"start":{"line":17,"column":13},"end":{"line":44,"column":5}},"8":{"start":{"line":19,"column":4},"end":{"line":43,"column":16}},"9":{"start":{"line":20,"column":6},"end":{"line":42,"column":7}},"10":{"start":{"line":21,"column":8},"end":{"line":41,"column":9}},"11":{"start":{"line":23,"column":12},"end":{"line":23,"column":30}},"12":{"start":{"line":24,"column":12},"end":{"line":24,"column":67}},"13":{"start":{"line":27,"column":12},"end":{"line":27,"column":34}},"14":{"start":{"line":29,"column":12},"end":{"line":36,"column":13}},"15":{"start":{"line":30,"column":14},"end":{"line":33,"column":17}},"16":{"start":{"line":35,"column":14},"end":{"line":35,"column":21}},"17":{"start":{"line":40,"column":12},"end":{"line":40,"column":35}},"18":{"start":{"line":46,"column":2},"end":{"line":48,"column":4}},"19":{"start":{"line":47,"column":4},"end":{"line":47,"column":39}},"20":{"start":{"line":51,"column":0},"end":{"line":51,"column":46}}},"fnMap":{"0":{"name":"(anonymous_0)","decl":{"start":{"line":16,"column":37},"end":{"line":16,"column":38}},"loc":{"start":{"line":16,"column":49},"end":{"line":49,"column":1}},"line":16},"1":{"name":"_callee","decl":{"start":{"line":17,"column":100},"end":{"line":17,"column":107}},"loc":{"start":{"line":17,"column":124},"end":{"line":44,"column":3}},"line":17},"2":{"name":"_callee$","decl":{"start":{"line":19,"column":49},"end":{"line":19,"column":57}},"loc":{"start":{"line":19,"column":68},"end":{"line":43,"column":5}},"line":19},"3":{"name":"articleValidation","decl":{"start":{"line":46,"column":18},"end":{"line":46,"column":35}},"loc":{"start":{"line":46,"column":50},"end":{"line":48,"column":3}},"line":46}},"branchMap":{"0":{"loc":{"start":{"line":21,"column":8},"end":{"line":41,"column":9}},"type":"switch","locations":[{"start":{"line":22,"column":10},"end":{"line":24,"column":67}},{"start":{"line":26,"column":10},"end":{"line":36,"column":13}},{"start":{"line":38,"column":10},"end":{"line":38,"column":17}},{"start":{"line":39,"column":10},"end":{"line":40,"column":35}}],"line":21},"1":{"loc":{"start":{"line":29,"column":12},"end":{"line":36,"column":13}},"type":"if","locations":[{"start":{"line":29,"column":12},"end":{"line":36,"column":13}},{"start":{"line":29,"column":12},"end":{"line":36,"column":13}}],"line":29}},"s":{"0":1,"1":1,"2":1,"3":1,"4":1,"5":1,"6":1,"7":1,"8":0,"9":0,"10":0,"11":0,"12":0,"13":0,"14":0,"15":0,"16":0,"17":0,"18":1,"19":0,"20":1},"f":{"0":1,"1":0,"2":0,"3":0},"b":{"0":[0,0,0,0],"1":[0,0]},"inputSourceMap":{"version":3,"sources":["article.validation.js"],"names":["articleValidation","req","res","next","articleSchema","validate","body","value","error","json","message","details"],"mappings":";;;;;;;;;;;;;AAAA;;AAEO,IAAMA,iBAAiB;AAAA,2FAAG,iBAAOC,GAAP,EAAYC,GAAZ,EAAiBC,IAAjB;AAAA;AAAA;AAAA;AAAA;AAAA;AAAA;AAAA,mBACTC,6BAAcC,QAAd,CAAuBJ,GAAG,CAACK,IAA3B,CADS;;AAAA;AACvBC,YAAAA,KADuB;;AAE7B,gBAAIA,KAAK,CAACC,KAAV,EAAiB;AACbN,cAAAA,GAAG,CAACO,IAAJ,CAAS;AACLD,gBAAAA,KAAK,EAAE,CADF;AAELE,gBAAAA,OAAO,EAAEH,KAAK,CAACC,KAAN,CAAYG,OAAZ,CAAoB,CAApB,EAAuBD;AAF3B,eAAT;AAIH,aALD,MAKO;AACHP,cAAAA,IAAI;AACP;;AAT4B;AAAA;AAAA;AAAA;AAAA;AAAA;AAAA,GAAH;;AAAA,kBAAjBH,iBAAiB;AAAA;AAAA;AAAA,GAAvB","sourceRoot":"D:\\Projects\\learn-node-js\\src\\validations\\articleValidation\\","sourcesContent":["import { articleSchema } from \"./article.schema.js\";\r\n\r\nexport const articleV
[...]
export const decodeToken = async (token) => {\r\n    const decoded = await jwt.verify(token, secret);\r\n    return decoded;\r\n};"]},"_coverageSchema":"1a1c01bbd47fc00a2c39e90264f33305004495a9","hash":"21ad2d4d423d7256de39815fe2e90e9f95188cac","contentHash":"f0042d3f25d0783e93258bfddf5fbf24727a79546a90389442d888980ad038b5"},"D:\\Projects\\learn-node-js\\src\\helpers\\passwordSecurity.js":{"path":"D:\\Projects\\learn-node-js\\src\\helpers\\passwordSecurity.js","statementMap":{"0":{"start":{"line":3,"column":29},"end":{"line":3,"column":84}},"1":{"start":{"line":5,"column":0},"end":{"line":7,"column":3}},"2":{"start":{"line":8,"column":0},"end":{"line":8,"column":56}},"3":{"start":{"line":10,"column":19},"end":{"line":10,"column":80}},"4":{"start":{"line":12,"column":25},"end":{"line":12,"column":99}},"5":{"start":{"line":14,"column":14},"end":{"line":14,"column":55}},"6":{"start":{"line":16,"column":11},"end":{"line":16,"column":50}},"7":{"start":{"line":18,"column":19},"end":{"line":22,"column":1}},"8":{"start":{"line":19,"column":13},"end":{"line":19,"column":61}},"9":{"start":{"line":21,"column":2},"end":{"line":21,"column":14}},"10":{"start":{"line":24,"column":0},"end":{"line":24,"column":36}},"11":{"start":{"line":26,"column":35},"end":{"line":47,"column":3}},"12":{"start":{"line":27,"column":13},"end":{"line":42,"column":5}},"13":{"start":{"line":29,"column":4},"end":{"line":41,"column":16}},"14":{"start":{"line":30,"column":6},"end":{"line":40,"column":7}},"15":{"start":{"line":31,"column":8},"end":{"line":39,"column":9}},"16":{"start":{"line":33,"column":12},"end":{"line":33,"column":73}},"17":{"start":{"line":34,"column":12},"end":{"line":34,"column":53}},"18":{"start":{"line":38,"column":12},"end":{"line":38,"column":35}},"19":{"start":{"line":44,"column":2},"end":{"line":46,"column":4}},"20":{"start":{"line":45,"column":4},"end":{"line":45,"column":39}},"21":{"start":{"line":49,"column":0},"end":{"line":49,"column":42}}},"fnMap":{"0":{"name":"hashPassword","decl":{"start":{"line":18,"column":28},"end":{"line":18,"column":40}},"loc":{"start":{"line":18,"column":56},"end":{"line":22,"column":1}},"line":18},"1":{"name":"(anonymous_1)","decl":{"start":{"line":26,"column":35},"end":{"line":26,"column":36}},"loc":{"start":{"line":26,"column":47},"end":{"line":47,"column":1}},"line":26},"2":{"name":"_callee","decl":{"start":{"line":27,"column":100},"end":{"line":27,"column":107}},"loc":{"start":{"line":27,"column":129},"end":{"line":42,"column":3}},"line":27},"3":{"name":"_callee$","decl":{"start":{"line":29,"column":49},"end":{"line":29,"column":57}},"loc":{"start":{"line":29,"column":68},"end":{"line":41,"column":5}},"line":29},"4":{"name":"comparePassword","decl":{"start":{"line":44,"column":18},"end":{"line":44,"column":33}},"loc":{"start":{"line":44,"column":43},"end":{"line":46,"column":3}},"line":44}},"branchMap":{"0":{"loc":{"start":{"line":31,"column":8},"end":{"line":39,"column":9}},"type":"switch","locations":[{"start":{"line":32,"column":10},"end":{"line":34,"column":53}},{"start":{"line":36,"column":10},"end":{"line":36,"column":17}},{"start":{"line":37,"column":10},"end":{"line":38,"column":35}}],"line":31}},"s":{"0":1,"1":1,"2":1,"3":1,"4":1,"5":1,"6":1,"7":1,"8":0,"9":0,"10":1,"11":1,"12":1,"13":0,"14":0,"15":0,"16":0,"17":0,"18":0,"19":1,"20":0,"21":1},"f":{"0":0,"1":1,"2":0,"3":0,"4":0},"b":{"0":[0,0,0]},"inputSourceMap":{"version":3,"sources":["passwordSecurity.js"],"names":["salt","bcrypt","genSaltSync","hashPassword","plainPassword","hash","hashSync","comparePassword","result","compareSync"],"mappings":";;;;;;;;;;;;;AAAA;;AAEA,IAAMA,IAAI,GAAGC,mBAAOC,WAAP,CAAmB,EAAnB,EAAuB,GAAvB,CAAb;;AAEO,IAAMC,YAAY,GAAG,SAAfA,YAAe,CAACC,aAAD,EAAmB;AAC3C,MAAMC,IAAI,GAAGJ,mBAAOK,QAAP,CAAgBF,aAAhB,EAA+BJ,IAA/B,CAAb;;AACA,SAAOK,IAAP;AACH,CAHM;;;;AAKA,IAAME,eAAe;AAAA,2FAAG,iBAAOH,aAAP,EAAsBC,IAAtB;AAAA;AAAA;AAAA;AAAA;AAAA;AACrBG,YAAAA,MADqB,GACZP,mBAAOQ,WAAP,CAAmBL,aAAnB,EAAkCC,IAAlC,CADY;AAAA,6CAEpBG,MAFoB;;AAAA;AAAA;AAAA;AAAA;AAAA;AAAA;AAAA,GAAH;;AAAA,kBAAfD,eAAe;AAAA;AAAA;AAAA,GAArB","sourceRoot":"D:\\Projects\\learn-node-js\\src\\helpers\\","sourcesContent":["import bcrypt from 'bcrypt'\r\n\r\nconst salt = bcrypt.genSaltSync(10, 'b')\r\n\r\nexport const hashPassword = (plainPassword) => {\r\n    const hash = bcrypt.hashSync(plainPassword, salt)\r\n    return hash\r\n}\r\n\r\nexport const comparePassword = async (plainPassword, hash) => {\r\n    const result = bcrypt.compareSync(plainPassword, hash)\r\n    return result\r\n}"]},"_coverageSchema":"1a1c01bbd47fc00a2c39e90264f33305004495a9","hash":"297a68684085e7aedd9037350441d179b65e1b60","contentHash":"871f0331f5476ea51b8b76046dadc0fb0c1b69d7102779f922fa0df767b1a22b"},"D:\\Projects\\learn-node-js\\src\\services\\userServices.js":{"path":"D:\\Projects\\learn-node-js\\src\\services\\userServices.js","statementMap":{"0":{"start":{"line":3,"column":29},"end":{"line":3,"column":84}},"1":{"start":{"line":5,"column":0},"end":{"line":7,"column":3}},"2":{"start":{"line":8,"column":0},"end":{"line":8,"column":48}},"3":{"start":{"line":10,"column":19},"end":{"line":10,"column":80}},"4":{"start":{"line":12,"column":25},"end":{"line":12,"column":99}},"5":{"start":{"line":14,"column":12},"end":{"line":14,"column":64}},"6":{"start":{"line":16,"column":29},"end":{"line":52,"column":3}},"7":{"start":{"line":17,"column":13},"end":{"line":47,"column":5}},"8":{"start":{"line":19,"column":4},"end":{"line":46,"column":16}},"9":{"start":{"line":20,"column":6},"end":{"line":45,"column":7}},"10":{"start":{"line":21,"column":8},"end":{"line":44,"column":9}},"11":{"start":{"line":23,"column":12},"end":{"line":23,"column":30}},"12":{"start":{"line":24,"column":12},"end":{"line":26,"column":15}},"13":{"start":{"line":29,"column":12},"end":{"line":29,"column":33}},"14":{"start":{"line":31,"column":12},"end":{"line":34,"column":13}},"15":{"start":{"line":32,"column":14},"end":{"line":32,"column":32}},"16":{"start":{"line":33,"column":14},"end":{"line":33,"column":20}},"17":{"start":{"line":36,"column":12},"end":{"line":36,"column":51}},"18":{"start":{"line":39,"column":12},"end":{"line":39,"column":52}},"19":{"start":{"line":43,"column":12},"end":{"line":43,"column":35}},"20":{"start":{"line":49,"column":2},"end":{"line":51,"column":4}},"21":{"start":{"line":50,"column":4},"end":{"line":50,"column":39}},"22":{"start":{"line":54,"column":0},"end":{"line":54,"column":30}},"23":{"start":{"line":56,"column":30},"end":{"line":82,"column":3}},"24":{"start":{"line":57,"column":14},"end":{"line":77,"column":5}},"25":{"start":{"line":59,"column":4},"end":{"line":76,"column":17}},"26":{"start":{"line":60,"column":6},"end":{"line":75,"column":7}},"27":{"start":{"line":61,"column":8},"end":{"line":74,"column":9}},"28":{"start":{"line":63,"column":12},"end":{"line":63,"column":31}},"29":{"start":{"line":64,"column":12},"end":{"line":64,"column":47}},"30":{"start":{"line":67,"column":12},"end":{"line":67,"column":41}},"31":{"start":{"line":68,"column":12},"end":{"line":68,"column":31}},"32":{"start":{"line":69,"column":12},"end":{"line":69,"column":59}},"33":{"start":{"line":73,"column":12},"end":{"line":73,"column":36}},"34":{"start":{"line":79,"column":2},"end":{"line":81,"column":4}},"35":{"start":{"line":80,"column":4},"end":{"line":80,"column":40}},"36":{"start":{"line":84,"column":0},"end":{"line":84,"column":32}}},"fnMap":{"0":{"name":"(anonymous_0)","decl":{"start":{"line":16,"column":29},"end":{"line":16,"column":30}},"loc":{"start":{"line":16,"column":41},"end":{"line":52,"column":1}},"line":16},"1":{"name":"_callee","decl":{"start":{"line":17,"column":100},"end":{"line":17,"column":107}},"loc":{"start":{"line":17,"column":115},"end":{"line":47,"column":3}},"line":17},"2":{"name":"_callee$","decl":{"start":{"line":19,"column":49},"end":{"line":19,"column":57}},"loc":{"start":{"line":19,"column":68},"end":{"line":46,"column":5}},"line":19},"3":{"name":"userExist","decl":{"start":{"line":49,"column":18},"end":{"line":49,"column":27}},"loc":{"start":{"line":49,"column":32},"end":{"line":51,"column":3}},"line":49},"4":{"name":"(anonymous_4)","decl":{"start":{"line":56,"column":30},"end":{"line":56,"column":31}},"loc":{"start":{"line":56,"column":42},"end":{"line":82,"column":1}},"line":56},"5":{"name":"_callee2","decl":{"start":{"line":57,"column":101},"end":{"line":57,"column":109}},"loc":{"start":{"line":57,"column":116},"end":{"line":77,"column":3}},"line":57},"6":{"name":"_callee2$","decl":{"start":{"line":59,"column":49},"end":{"line":59,"column":58}},"loc":{"start":{"line":59,"column":70},"end":{"line":76,"column":5}},"line":59},"7":{"name":"createUser","decl":{"start":{"line":79,"column":18},"end":{"line":79,"column":28}},"loc":{"start":{"line":79,"column":34},"end":{"line":81,"column":3}},"line":79}},"branchMap":{"0":{"loc":{"start":{"line":21,"column":8},"end":{"line":44,"column":9}},"type":"switch","locations":[{"start":{"line":22,"column":10},"end":{"line":26,"column":15}},{"start":{"line":28,"column":10},"end":{"line":36,"column":51}},{"start":{"line":38,"column":10},"end":{"line":39,"column":52}},{"start":{"line":41,"column":10},"end":{"line":41,"column":17}},{"start":{"line":42,"column":10},"end":{"line":43,"column":35}}],"line":21},"1":{"loc":{"start":{"line":31,"column":12},"end":{"line":34,"column":13}},"type":"if","locations":[{"start":{"line":31,"column":12},"end":{"line":34,"column":13}},{"start":{"line":31,"column":12},"end":{"line":34,"column":13}}],"line":31},"2":{"loc":{"start":{"line":61,"column":8},"end":{"line":74,"column":9}},"type":"switch","locations":[{"start":{"line":62,"column":10},"end":{"line":64,"column":47}},{"start":{"line":66,"column":10},"end":{"line":69,"column":59}},{"start":{"line":71,"column":10},"end":{"line":71,"column":17}},{"start":{"line":72,"column":10},"end":{"line":73,"column":36}}],"line":61}},"s":{"0":1,"1":1,"2":1,"3":1,"4":1,"5":1,"6":1,"7":1,"8":0,"9":0,"10":0,"11":0,"12":0,"13":0,"14":0,"15":0,"16":0,"17":0,"18":0,"19":0,"20":1,"21":0,"22":1,"23":1,"24":1,"25":0,"26":0,"27":0,"28":0,"29":0,"30":0,"31":0,"32":0,"33":0,"34":1,"35":0,"36":1},"f":{"0":1,"1":0,"2":0,"3":0,"4":1,"5":0,"6":0,"7":0},"b":{"0":[0,0,0,0,0],"1":[0,0],"2":[0,0,0,0]},"inputSourceMap":{"version":3,"sources":["userServices.js"],"names":["userExist","email","User","findOne","user","createUser","userCreated","save"],"mappings":";;;;;;;;;;;;;AAAA;;AAEO,IAAMA,SAAS;AAAA,2FAAG,iBAAOC,KAAP;AAAA;AAAA;AAAA;AAAA;AAAA;AAAA;AAAA,mBACFC,iBAAKC,OAAL,CAAa;AAAEF,cAAAA,KAAK,EAAEA;AAAT,aAAb,CADE;;AAAA;AACfG,YAAAA,IADe;;AAAA,iBAEjBA,IAFiB;AAAA;AAAA;AAAA;;AAAA,6CAGVA,IAHU;;AAAA;AAAA,6CAKV,KALU;;AAAA;AAAA;AAAA;AAAA;AAAA;AAAA;AAAA,GAAH;;AAAA,kBAATJ,SAAS;AAAA;AAAA;AAAA,GAAf;;;;AASA,IAAMK,UAAU;AAAA,4FAAG,kBAAOD,IAAP;AAAA;AAAA;AAAA;AAAA;AAAA;AAAA;AAAA,mBACI,sBAAKA,IAAL,CADJ;;AAAA;AAChBE,YAAAA,WADgB;AAEtBA,YAAAA,WAAW,CAACC,IAAZ;AAFsB,8CAGfD,WAHe;;AAAA;AAAA;AAAA;AAAA;AAAA;AAAA;AAAA,GAAH;;AAAA,kBAAVD,UAAU;AAAA;AAAA;AAAA,GAAhB","sourceRoot":"D:\\Projects\\learn-node-js\\src\\services\\","sourcesContent":["import User from \"../models/user.js\"\r\n\r\nexport const userExist = async (email) => {\r\n    const user = await User.findOne({ email: email })\r\n    if (user) {\r\n        return user\r\n    } else {\r\n        return false\r\n    }\r\n}\r\n\r\nexport const createUser = async (user) => {\r\n    const userCreated = await User(user)\r\n    userCreated.save()\r\n    return userCreated\r\n}\r\n"]},"_coverageSchema":"1a1c01bbd47fc00a2c39e90264f33305004495a9","hash":"3de49aa0b1e317dee24b01eeffcd32ee1f1afcc6","contentHash":"d62d04a8c6cb343e79cd150a3f57b0e071d83f05effff6817f2ed8d93b8654b7"},"D:\\Projects\\learn-node-js\\src\\models\\user.js":{"path":"D:\\Projects\\learn-node-js\\src\\models\\user.js","statementMap":{"0":{"start":{"line":3,"column":29},"end":{"line":3,"column":84}},"1":{"start":{"line":5,"column":0},"end":{"line":7,"column":3}},"2":{"start":{"line":8,"column":0},"end":{"line":8,"column":28}},"3":{"start":{"line":10,"column":16},"end":{"line":10,"column":59}},"4":{"start":{"line":12,"column":11},"end":{"line":17,"column":1}},"5":{"start":{"line":19,"column":13},"end":{"line":24,"column":8}},"6":{"start":{"line":26,"column":15},"end":{"line":26,"column":57}},"7":{"start":{"line":28,"column":0},"end":{"line":28,"column":30}}},"fnMap":{},"branchMap":{},"s":{"0":1,"1":1,"2":1,"3":1,"4":1,"5":1,"6":1,"7":1},"f":{},"b":{},"inputSourceMap":{"version":3,"sources":["user.js"],"names":["opts","timestamps","createdAt","updatedAt","schema","mongoose","Schema","username","String","email","password","picture","model"],"mappings":";;;;;;;;;AAAA;;AAEA,IAAMA,IAAI,GAAG;AACTC,EAAAA,UAAU,EAAE;AACRC,IAAAA,SAAS,EAAE,YADH;AAERC,IAAAA,SAAS,EAAE;AAFH;AADH,CAAb;;AAMA,IAAMC,MAAM,GAAGC,qBAASC,MAAT,CACX;AACIC,EAAAA,QAAQ,EAAEC,MADd;AAEIC,EAAAA,KAAK,EAAED,MAFX;AAGIE,EAAAA,QAAQ,EAAEF,MAHd;AAIIG,EAAAA,OAAO,EAAEH;AAJb,CADW,EAOXR,IAPW,CAAf;;eAUeK,qBAASO,KAAT,CAAe,MAAf,EAAuBR,MAAvB,C","sourceRoot":"D:\\Projects\\learn-node-js\\src\\models\\","sourcesContent":["import mongoose from \"mongoose\"\r\n\r\nconst opts = {\r\n    timestamps: {\r\n        createdAt: 'created_at',\r\n        updatedAt: 'updated_at'\r\n    }\r\n};\r\nconst schema = mongoose.Schema(\r\n    {\r\n        username: String,\r\n        email: String,\r\n        password: String,\r\n        picture: String,\r\n    },\r\n    opts\r\n)\r\n\r\nexport default mongoose.model(\"User\", schema)"]},"_coverageSchema":"1a1c01bbd47fc00a2c39e90264f33305004495a9","hash":"eeaa18c1902d5af9c8f3bd4cc0c36265cb145ab3","contentHash":"9ad337f43931175580e044c517ec557a434b5706dee9ae5f7d894c3343021e1d"},"D:\\Projects\\learn-node-js\\src\\validations\\userValidation\\user.validation.js":{"path":"D:\\Projects\\learn-node-js\\src\\validations\\userValidation\\user.validation.js","statementMap":{"0":{"start":{"line":3,"column":29},"end":{"line":3,"column":84}},"1":{"start":{"line":5,"column":0},"end":{"line":7,"column":3}},"2":{"start":{"line":8,"column":0},"end":{"line":8,"column":32}},"3":{"start":{"line":10,"column":19},"end":{"line":10,"column":80}},"4":{"start":{"line":12,"column":25},"end":{"line":12,"column":99}},"5":{"start":{"line":14,"column":12},"end":{"line":14,"column":36}},"6":{"start":{"line":16,"column":34},"end":{"line":49,"column":3}},"7":{"start":{"line":17,"column":13},"end":{"line":44,"column":5}},"8":{"start":{"line":19,"column":4},"end":{"line":43,"column":16}},"9":{"start":{"line":20,"column":6},"end":{"line":42,"column":7}},"10":{"start":{"line":21,"column":8},"end":{"line":41,"column":9}},"11":{"start":{"line":23,"column":12},"end":{"line":23,"column":30}},"12":{"start":{"line":24,"column":12},"end":{"line":24,"column":55}},"13":{"start":{"line":27,"column":12},"end":{"line":27,"column":34}},"14":{"start":{"line":29,"column":12},"end":{"line":36,"column":13}},"15":{"start":{"line":30,"column":14},"end":{"line":33,"column":17}},"16":{"start":{"line":35,"column":14},"end":{"line":35,"column":21}},"17":{"start":{"line":40,"column":12},"end":{"line":40,"column":35}},"18":{"start":{"line":46,"column":2},"end":{"line":48,"column":4}},"19":{"start":{"line":47,"column":4},"end":{"line":47,"column":39}},"20":{"start":{"line":51,"column":0},"end":{"line":51,"column":40}}},"fnMap":{"0":{"name":"(anonymous_0)","decl":{"start":{"line":16,"column":34},"end":{"line":16,"column":35}},"loc":{"start":{"line":16,"column":46},"end":{"line":49,"column":1}},"line":16},"1":{"name":"_callee","decl":{"start":{"line":17,"column":100},"end":{"line":17,"column":107}},"loc":{"start":{"line":17,"column":124},"end":{"line":44,"column":3}},"line":17},"2":{"name":"_callee$","decl":{"start":{"line":19,"column":49},"end":{"line":19,"column":57}},"loc":{"start":{"line":19,"column":68},"end":{"line":43,"column":5}},"line":19},"3":{"name":"userValidation","decl":{"start":{"line":46,"column":18},"end":{"line":46,"column":32}},"loc":{"start":{"line":46,"column":47},"end":{"line":48,"column":3}},"line":46}},"branchMap":{"0":{"loc":{"start":{"line":21,"column":8},"end":{"line":41,"column":9}},"type":"switch","locations":[{"start":{"line":22,"column":10},"end":{"line":24,"column":55}},{"start":{"line":26,"column":10},"end":{"line":36,"column":13}},{"start":{"line":38,"column":10},"end":{"line":38,"column":17}},{"start":{"line":39,"column":10},"end":{"line":40,"column":35}}],"line":21},"1":{"loc":{"start":{"line":29,"column":12},"end":{"line":36,"column":13}},"type":"if","locations":[{"start":{"line":29,"column":12},"end":{"line":36,"column":13}},{"start":{"line":29,"column":12},"end":{"line":36,"column":13}}],"line":29}},"s":{"0":1,"1":1,"2":1,"3":1,"4":1,"5":1,"6":1,"7":1,"8":0,"9":0,"10":0,"11":0,"12":0,"13":0,"14":0,"15":0,"16":0,"17":0,"18":1,"19":0,"20":1},"f":{"0":1,"1":0,"2":0,"3":0},"b":{"0":[0,0,0,0],"1":[0,0]},"inputSourceMap":{"version":3,"sources":["user.validation.js"],"names":["userValidation","req","res","next","userSchema","validate","body","value","error","json","message","details"],"mappings":";;;;;;;;;;;;;AAAA;;AAEO,IAAMA,cAAc;AAAA,2FAAG,iBAAOC,GAAP,EAAYC,GAAZ,EAAiBC,IAAjB;AAAA;AAAA;AAAA;AAAA;AAAA;AAAA;AAAA,mBACNC,iBAAWC,QAAX,CAAoBJ,GAAG,CAACK,IAAxB,CADM;;AAAA;AACpBC,YAAAA,KADoB;;AAE1B,gBAAIA,KAAK,CAACC,KAAV,EAAiB;AACbN,cAAAA,GAAG,CAACO,IAAJ,CAAS;AACLD,gBAAAA,KAAK,EAAE,CADF;AAELE,gBAAAA,OAAO,EAAEH,KAAK,CAACC,KAAN,CAAYG,OAAZ,CAAoB,CAApB,EAAuBD;AAF3B,eAAT;AAIH,aALD,MAKO;AACHP,cAAAA,IAAI;AACP;;AATyB;AAAA;AAAA;AAAA;AAAA;AAAA;AAAA,GAAH;;AAAA,kBAAdH,cAAc;AAAA;AAAA;AAAA,GAApB","sourceRoot":"D:\\Projects\\learn-node-js\\src\\validations\\userValidation\\","sourcesContent":["import { userSchema } from \"./user.schema\";\r\n\r\nexport const userValidation = async (req, res, next) => {\r\n    const value = await userSchema.validate(req.body);\r\n    if (value.error) {\r\n        res.json({\r\n            error: 1,\r\n            message: value.error.details[0].message\r\n        })\r\n    } else {\r\n        next();\r\n    }\r\n}\r\n\r\n"]},"_coverageSchema":"1a1c01bbd47fc00a2c39e90264f33305004495a9","hash":"08af138bfb1c4612520597054328149b8fab6109","contentHash":"2b1cbe4b838d1cdbb1000efed571bcd77089dd7aa67bb2c3d0b622bb01e48119"},"D:\\Projects\\learn-node-js\\src\\validations\\userValidation\\user.schema.js":{"path":"D:\\Projects\\learn-node-js\\src\\validations\\userValidation\\user.schema.js","statementMap":{"0":{"start":{"line":3,"column":29},"end":{"line":3,"column":84}},"1":{"start":{"line":5,"column":0},"end":{"line":7,"column":3}},"2":{"start":{"line":8,"column":0},"end":{"line":8,"column":28}},"3":{"start":{"line":10,"column":11},"end":{"line":10,"column":55}},"4":{"start":{"line":12,"column":17},"end":{"line":16,"column":2}},"5":{"start":{"line":18,"column":0},"end":{"line":18,"column":32}}},"fnMap":{},"branchMap":{},"s":{"0":1,"1":1,"2":1,"3":1,"4":1,"5":1},"f":{},"b":{},"inputSourceMap":{"version":3,"sources":["user.schema.js"],"names":["userSchema","joi","object","username","string","required","email","password","min","max","pattern","RegExp","message"],"mappings":";;;;;;;;;AAAA;;AAEO,IAAMA,UAAU,GAAGC,gBAAIC,MAAJ,CAAW;AACjCC,EAAAA,QAAQ,EAAEF,gBAAIG,MAAJ,GAAaC,QAAb,EADuB;AAEjCC,EAAAA,KAAK,EAAEL,gBAAIG,MAAJ,GAAaE,KAAb,GAAqBD,QAArB,EAF0B;AAGjCE,EAAAA,QAAQ,EAAEN,gBAAIG,MAAJ,GAAaI,GAAb,CAAiB,CAAjB,EAAoBC,GAApB,CAAwB,EAAxB,EAA4BC,OAA5B,CAAoC,IAAIC,MAAJ,CAAW,wDAAX,CAApC,EAA0GC,OAA1G,CAAkH,2DAAlH,EAA+KP,QAA/K;AAHuB,CAAX,CAAnB","sourceRoot":"D:\\Projects\\learn-node-js\\src\\validations\\userValidation\\","sourcesContent":["import joi from '@hapi/joi'\r\n\r\nexport const userSchema = joi.object({\r\n    username: joi.string().required(),\r\n    email: joi.string().email().required(),\r\n    password: joi.string().min(8).max(10).pattern(new RegExp(/^(?=.*[0-9])(?=.*[!@#$%^&*])[a-zA-Z0-9!@#$%^&*]{6,16}$/)).message(\"Password must atleast have special character and a number\").required()\r\n})\r\n"]},"_coverageSchema":"1a1c01bbd47fc00a2c39e90264f33305004495a9","hash":"69996486dcc5c3111bc3ca471b3f2534bdc4f3ee","contentHash":"f5412bbfa16463d6ef43b18890cfb293965a462e0e44321cefb8b5dc6e6367e2"}}